[2020/12/28-13:17:23] [main] [INFO ] [com.kennen.schoolairdrop.im.IMApplication] : Starting IMApplication on K-Laptop with PID 15588 (D:\hkn\MobileIMSDK-5.0.3\sdk_src\Server\SchoolAirDropIM\target\classes started by kennen in D:\hkn\MobileIMSDK-5.0.3\sdk_src\Server\SchoolAirDropIM)
[2020/12/28-13:17:23] [main] [INFO ] [com.kennen.schoolairdrop.im.IMApplication] : No active profile set, falling back to default profiles: default
[2020/12/28-13:21:48] [main] [INFO ] [com.kennen.schoolairdrop.im.IMApplication] : Starting IMApplication on K-Laptop with PID 14452 (D:\hkn\MobileIMSDK-5.0.3\sdk_src\Server\SchoolAirDropIM\target\classes started by kennen in D:\hkn\MobileIMSDK-5.0.3\sdk_src\Server\SchoolAirDropIM)
[2020/12/28-13:21:48] [main] [INFO ] [com.kennen.schoolairdrop.im.IMApplication] : No active profile set, falling back to default profiles: default
[2020/12/28-13:21:52] [main] [INFO ] [com.kennen.schoolairdrop.im.IMApplication] : Started IMApplication in 3.975 seconds (JVM running for 4.648)
[2020/12/28-13:24:19] [main] [INFO ] [com.kennen.schoolairdrop.im.IMApplication] : Starting IMApplication on K-Laptop with PID 20796 (D:\hkn\MobileIMSDK-5.0.3\sdk_src\Server\SchoolAirDropIM\target\classes started by kennen in D:\hkn\MobileIMSDK-5.0.3\sdk_src\Server\SchoolAirDropIM)
[2020/12/28-13:24:19] [main] [INFO ] [com.kennen.schoolairdrop.im.IMApplication] : No active profile set, falling back to default profiles: default
[2020/12/28-13:24:23] [main] [INFO ] [com.kennen.schoolairdrop.im.IMApplication] : Started IMApplication in 3.761 seconds (JVM running for 4.403)
[2020/12/28-13:26:59] [main] [INFO ] [com.kennen.schoolairdrop.im.IMApplication] : Starting IMApplication on K-Laptop with PID 8176 (D:\hkn\MobileIMSDK-5.0.3\sdk_src\Server\SchoolAirDropIM\target\classes started by kennen in D:\hkn\MobileIMSDK-5.0.3\sdk_src\Server\SchoolAirDropIM)
[2020/12/28-13:26:59] [main] [INFO ] [com.kennen.schoolairdrop.im.IMApplication] : No active profile set, falling back to default profiles: default
[2020/12/28-13:27:02] [main] [INFO ] [com.kennen.schoolairdrop.im.IMApplication] : Started IMApplication in 3.734 seconds (JVM running for 4.342)
[2020/12/28-13:36:33] [main] [INFO ] [com.kennen.schoolairdrop.im.IMApplication] : Starting IMApplication on K-Laptop with PID 3424 (D:\hkn\MobileIMSDK-5.0.3\sdk_src\Server\SchoolAirDropIM\target\classes started by kennen in D:\hkn\MobileIMSDK-5.0.3\sdk_src\Server\SchoolAirDropIM)
[2020/12/28-13:36:33] [main] [INFO ] [com.kennen.schoolairdrop.im.IMApplication] : No active profile set, falling back to default profiles: default
[2020/12/28-13:36:37] [main] [INFO ] [com.kennen.schoolairdrop.im.IMApplication] : Started IMApplication in 3.8 seconds (JVM running for 4.436)
[2020/12/28-13:50:20] [main] [INFO ] [com.kennen.schoolairdrop.im.IMApplication] : Starting IMApplication on K-Laptop with PID 21924 (D:\hkn\MobileIMSDK-5.0.3\sdk_src\Server\SchoolAirDropIM\target\classes started by kennen in D:\hkn\MobileIMSDK-5.0.3\sdk_src\Server\SchoolAirDropIM)
[2020/12/28-13:50:20] [main] [INFO ] [com.kennen.schoolairdrop.im.IMApplication] : No active profile set, falling back to default profiles: default
[2020/12/28-13:50:23] [main] [INFO ] [com.kennen.schoolairdrop.im.IMApplication] : Started IMApplication in 3.788 seconds (JVM running for 4.421)
[2020/12/28-14:04:31] [main] [INFO ] [com.kennen.schoolairdrop.im.IMApplication] : Starting IMApplication on K-Laptop with PID 21536 (D:\hkn\MobileIMSDK-5.0.3\sdk_src\Server\SchoolAirDropIM\target\classes started by kennen in D:\hkn\MobileIMSDK-5.0.3\sdk_src\Server\SchoolAirDropIM)
[2020/12/28-14:04:31] [main] [INFO ] [com.kennen.schoolairdrop.im.IMApplication] : No active profile set, falling back to default profiles: default
[2020/12/28-14:07:51] [main] [INFO ] [com.kennen.schoolairdrop.im.IMApplication] : Starting IMApplication on K-Laptop with PID 3540 (D:\hkn\MobileIMSDK-5.0.3\sdk_src\Server\SchoolAirDropIM\target\classes started by kennen in D:\hkn\MobileIMSDK-5.0.3\sdk_src\Server\SchoolAirDropIM)
[2020/12/28-14:07:51] [main] [INFO ] [com.kennen.schoolairdrop.im.IMApplication] : No active profile set, falling back to default profiles: default
[2020/12/28-14:07:54] [main] [INFO ] [com.kennen.schoolairdrop.im.IMApplication] : Started IMApplication in 3.74 seconds (JVM running for 4.349)
[2020/12/28-14:09:30] [main] [INFO ] [com.kennen.schoolairdrop.im.IMApplication] : Starting IMApplication on K-Laptop with PID 2668 (D:\hkn\MobileIMSDK-5.0.3\sdk_src\Server\SchoolAirDropIM\target\classes started by kennen in D:\hkn\MobileIMSDK-5.0.3\sdk_src\Server\SchoolAirDropIM)
[2020/12/28-14:09:30] [main] [INFO ] [com.kennen.schoolairdrop.im.IMApplication] : No active profile set, falling back to default profiles: default
[2020/12/28-14:09:33] [main] [INFO ] [com.kennen.schoolairdrop.im.IMApplication] : Started IMApplication in 3.848 seconds (JVM running for 4.493)
[2020/12/28-14:25:50] [main] [INFO ] [com.kennen.schoolairdrop.im.IMApplication] : Starting IMApplication on K-Laptop with PID 13212 (D:\hkn\MobileIMSDK-5.0.3\sdk_src\Server\SchoolAirDropIM\target\classes started by kennen in D:\hkn\MobileIMSDK-5.0.3\sdk_src\Server\SchoolAirDropIM)
[2020/12/28-14:25:50] [main] [INFO ] [com.kennen.schoolairdrop.im.IMApplication] : No active profile set, falling back to default profiles: default
[2020/12/28-14:25:53] [main] [INFO ] [com.kennen.schoolairdrop.im.IMApplication] : Started IMApplication in 3.683 seconds (JVM running for 4.356)
[2020/12/28-14:27:16] [main] [INFO ] [com.kennen.schoolairdrop.im.IMApplication] : Starting IMApplication on K-Laptop with PID 16600 (D:\hkn\MobileIMSDK-5.0.3\sdk_src\Server\SchoolAirDropIM\target\classes started by kennen in D:\hkn\MobileIMSDK-5.0.3\sdk_src\Server\SchoolAirDropIM)
[2020/12/28-14:27:16] [main] [INFO ] [com.kennen.schoolairdrop.im.IMApplication] : No active profile set, falling back to default profiles: default
[2020/12/28-14:27:19] [main] [INFO ] [com.kennen.schoolairdrop.im.IMApplication] : Started IMApplication in 3.648 seconds (JVM running for 4.274)
[2020/12/28-14:30:26] [main] [INFO ] [com.kennen.schoolairdrop.im.IMApplication] : Starting IMApplication on K-Laptop with PID 4952 (D:\hkn\MobileIMSDK-5.0.3\sdk_src\Server\SchoolAirDropIM\target\classes started by kennen in D:\hkn\MobileIMSDK-5.0.3\sdk_src\Server\SchoolAirDropIM)
[2020/12/28-14:30:26] [main] [INFO ] [com.kennen.schoolairdrop.im.IMApplication] : No active profile set, falling back to default profiles: default
[2020/12/28-14:30:30] [main] [INFO ] [com.kennen.schoolairdrop.im.IMApplication] : Started IMApplication in 3.851 seconds (JVM running for 4.504)
[2020/12/28-14:33:30] [main] [INFO ] [com.kennen.schoolairdrop.im.IMApplication] : Starting IMApplication on K-Laptop with PID 22932 (D:\hkn\MobileIMSDK-5.0.3\sdk_src\Server\SchoolAirDropIM\target\classes started by kennen in D:\hkn\MobileIMSDK-5.0.3\sdk_src\Server\SchoolAirDropIM)
[2020/12/28-14:33:30] [main] [INFO ] [com.kennen.schoolairdrop.im.IMApplication] : No active profile set, falling back to default profiles: default
[2020/12/28-14:33:34] [main] [INFO ] [com.kennen.schoolairdrop.im.IMApplication] : Started IMApplication in 3.954 seconds (JVM running for 4.58)
[2020/12/28-14:38:25] [main] [INFO ] [com.kennen.schoolairdrop.im.IMApplication] : Starting IMApplication on K-Laptop with PID 13608 (D:\hkn\MobileIMSDK-5.0.3\sdk_src\Server\SchoolAirDropIM\target\classes started by kennen in D:\hkn\MobileIMSDK-5.0.3\sdk_src\Server\SchoolAirDropIM)
[2020/12/28-14:38:25] [main] [INFO ] [com.kennen.schoolairdrop.im.IMApplication] : No active profile set, falling back to default profiles: default
[2020/12/28-14:38:28] [main] [INFO ] [com.kennen.schoolairdrop.im.IMApplication] : Started IMApplication in 3.534 seconds (JVM running for 4.147)
[2020/12/28-14:44:37] [main] [INFO ] [com.kennen.schoolairdrop.im.IMApplication] : Starting IMApplication on K-Laptop with PID 272 (D:\hkn\MobileIMSDK-5.0.3\sdk_src\Server\SchoolAirDropIM\target\classes started by kennen in D:\hkn\MobileIMSDK-5.0.3\sdk_src\Server\SchoolAirDropIM)
[2020/12/28-14:44:37] [main] [INFO ] [com.kennen.schoolairdrop.im.IMApplication] : No active profile set, falling back to default profiles: default
[2020/12/28-14:44:41] [main] [INFO ] [com.kennen.schoolairdrop.im.IMApplication] : Started IMApplication in 3.899 seconds (JVM running for 4.622)
[2020/12/28-14:46:21] [main] [INFO ] [com.kennen.schoolairdrop.im.IMApplication] : Starting IMApplication on K-Laptop with PID 18760 (D:\hkn\MobileIMSDK-5.0.3\sdk_src\Server\SchoolAirDropIM\target\classes started by kennen in D:\hkn\MobileIMSDK-5.0.3\sdk_src\Server\SchoolAirDropIM)
[2020/12/28-14:46:21] [main] [INFO ] [com.kennen.schoolairdrop.im.IMApplication] : No active profile set, falling back to default profiles: default
[2020/12/28-14:46:24] [main] [INFO ] [com.kennen.schoolairdrop.im.IMApplication] : Started IMApplication in 3.721 seconds (JVM running for 4.375)
[2020/12/28-14:52:17] [main] [INFO ] [com.kennen.schoolairdrop.im.IMApplication] : Starting IMApplication on K-Laptop with PID 11436 (D:\hkn\MobileIMSDK-5.0.3\sdk_src\Server\SchoolAirDropIM\target\classes started by kennen in D:\hkn\MobileIMSDK-5.0.3\sdk_src\Server\SchoolAirDropIM)
[2020/12/28-14:52:17] [main] [INFO ] [com.kennen.schoolairdrop.im.IMApplication] : No active profile set, falling back to default profiles: default
[2020/12/28-14:52:20] [main] [INFO ] [com.kennen.schoolairdrop.im.IMApplication] : Started IMApplication in 3.961 seconds (JVM running for 4.65)
[2020/12/28-14:56:00] [main] [INFO ] [com.kennen.schoolairdrop.im.IMApplication] : Starting IMApplication on K-Laptop with PID 812 (D:\hkn\MobileIMSDK-5.0.3\sdk_src\Server\SchoolAirDropIM\target\classes started by kennen in D:\hkn\MobileIMSDK-5.0.3\sdk_src\Server\SchoolAirDropIM)
[2020/12/28-14:56:00] [main] [INFO ] [com.kennen.schoolairdrop.im.IMApplication] : No active profile set, falling back to default profiles: default
[2020/12/28-14:56:04] [main] [INFO ] [com.kennen.schoolairdrop.im.IMApplication] : Started IMApplication in 3.838 seconds (JVM running for 4.477)
[2020/12/28-15:24:05] [main] [INFO ] [com.kennen.schoolairdrop.im.IMApplication] : Starting IMApplication on K-Laptop with PID 13980 (D:\hkn\MobileIMSDK-5.0.3\sdk_src\Server\SchoolAirDropIM\target\classes started by kennen in D:\hkn\MobileIMSDK-5.0.3\sdk_src\Server\SchoolAirDropIM)
[2020/12/28-15:24:05] [main] [INFO ] [com.kennen.schoolairdrop.im.IMApplication] : No active profile set, falling back to default profiles: default
[2020/12/28-15:24:08] [main] [INFO ] [com.kennen.schoolairdrop.im.IMApplication] : Started IMApplication in 3.821 seconds (JVM running for 4.505)
[2020/12/28-15:34:20] [main] [INFO ] [com.kennen.schoolairdrop.im.IMApplication] : Starting IMApplication on K-Laptop with PID 11424 (D:\hkn\MobileIMSDK-5.0.3\sdk_src\Server\SchoolAirDropIM\target\classes started by kennen in D:\hkn\MobileIMSDK-5.0.3\sdk_src\Server\SchoolAirDropIM)
[2020/12/28-15:34:20] [main] [INFO ] [com.kennen.schoolairdrop.im.IMApplication] : No active profile set, falling back to default profiles: default
[2020/12/28-15:34:23] [main] [INFO ] [com.kennen.schoolairdrop.im.IMApplication] : Started IMApplication in 3.739 seconds (JVM running for 4.369)
[2020/12/28-15:40:41] [main] [INFO ] [com.kennen.schoolairdrop.im.IMApplication] : Starting IMApplication on K-Laptop with PID 22764 (D:\hkn\MobileIMSDK-5.0.3\sdk_src\Server\SchoolAirDropIM\target\classes started by kennen in D:\hkn\MobileIMSDK-5.0.3\sdk_src\Server\SchoolAirDropIM)
[2020/12/28-15:40:41] [main] [INFO ] [com.kennen.schoolairdrop.im.IMApplication] : No active profile set, falling back to default profiles: default
[2020/12/28-15:40:45] [main] [INFO ] [com.kennen.schoolairdrop.im.IMApplication] : Started IMApplication in 3.689 seconds (JVM running for 4.346)
[2020/12/28-15:41:01] [main] [INFO ] [com.kennen.schoolairdrop.im.IMApplication] : Starting IMApplication on K-Laptop with PID 1804 (D:\hkn\MobileIMSDK-5.0.3\sdk_src\Server\SchoolAirDropIM\target\classes started by kennen in D:\hkn\MobileIMSDK-5.0.3\sdk_src\Server\SchoolAirDropIM)
[2020/12/28-15:41:01] [main] [INFO ] [com.kennen.schoolairdrop.im.IMApplication] : No active profile set, falling back to default profiles: default
[2020/12/28-15:41:04] [main] [INFO ] [com.kennen.schoolairdrop.im.IMApplication] : Started IMApplication in 4.032 seconds (JVM running for 4.687)
[2020/12/28-15:52:14] [main] [INFO ] [com.kennen.schoolairdrop.im.IMApplication] : Starting IMApplication on K-Laptop with PID 9880 (D:\hkn\MobileIMSDK-5.0.3\sdk_src\Server\SchoolAirDropIM\target\classes started by kennen in D:\hkn\MobileIMSDK-5.0.3\sdk_src\Server\SchoolAirDropIM)
[2020/12/28-15:52:14] [main] [INFO ] [com.kennen.schoolairdrop.im.IMApplication] : No active profile set, falling back to default profiles: default
[2020/12/28-15:52:18] [main] [INFO ] [com.kennen.schoolairdrop.im.IMApplication] : Started IMApplication in 3.762 seconds (JVM running for 4.383)
[2020/12/28-16:06:48] [main] [INFO ] [com.kennen.schoolairdrop.im.IMApplication] : Starting IMApplication on K-Laptop with PID 23404 (D:\hkn\MobileIMSDK-5.0.3\sdk_src\Server\SchoolAirDropIM\target\classes started by kennen in D:\hkn\MobileIMSDK-5.0.3\sdk_src\Server\SchoolAirDropIM)
[2020/12/28-16:06:48] [main] [INFO ] [com.kennen.schoolairdrop.im.IMApplication] : No active profile set, falling back to default profiles: default
[2020/12/28-16:06:51] [main] [INFO ] [com.kennen.schoolairdrop.im.IMApplication] : Started IMApplication in 3.785 seconds (JVM running for 4.454)
[2020/12/28-16:24:03] [main] [INFO ] [com.kennen.schoolairdrop.im.IMApplication] : Starting IMApplication on K-Laptop with PID 25084 (D:\hkn\MobileIMSDK-5.0.3\sdk_src\Server\SchoolAirDropIM\target\classes started by kennen in D:\hkn\MobileIMSDK-5.0.3\sdk_src\Server\SchoolAirDropIM)
[2020/12/28-16:24:03] [main] [INFO ] [com.kennen.schoolairdrop.im.IMApplication] : No active profile set, falling back to default profiles: default
[2020/12/28-16:24:07] [main] [INFO ] [com.kennen.schoolairdrop.im.IMApplication] : Started IMApplication in 3.862 seconds (JVM running for 4.587)
[2020/12/28-16:27:05] [main] [INFO ] [com.kennen.schoolairdrop.im.IMApplication] : Starting IMApplication on K-Laptop with PID 25016 (D:\hkn\MobileIMSDK-5.0.3\sdk_src\Server\SchoolAirDropIM\target\classes started by kennen in D:\hkn\MobileIMSDK-5.0.3\sdk_src\Server\SchoolAirDropIM)
[2020/12/28-16:27:05] [main] [INFO ] [com.kennen.schoolairdrop.im.IMApplication] : No active profile set, falling back to default profiles: default
[2020/12/28-16:27:08] [main] [INFO ] [com.kennen.schoolairdrop.im.IMApplication] : Started IMApplication in 3.846 seconds (JVM running for 4.519)
[2020/12/28-19:26:20] [main] [INFO ] [com.kennen.schoolairdrop.im.IMApplication] : Starting IMApplication on K-Laptop with PID 7376 (D:\hkn\MobileIMSDK-5.0.3\sdk_src\Server\SchoolAirDropIM\target\classes started by kennen in D:\hkn\MobileIMSDK-5.0.3\sdk_src\Server\SchoolAirDropIM)
[2020/12/28-19:26:20] [main] [INFO ] [com.kennen.schoolairdrop.im.IMApplication] : No active profile set, falling back to default profiles: default
[2020/12/28-19:26:24] [main] [INFO ] [com.kennen.schoolairdrop.im.IMApplication] : Started IMApplication in 3.857 seconds (JVM running for 4.502)
[2020/12/28-19:41:45] [main] [INFO ] [com.kennen.schoolairdrop.im.IMApplication] : Starting IMApplication on K-Laptop with PID 12664 (D:\hkn\MobileIMSDK-5.0.3\sdk_src\Server\SchoolAirDropIM\target\classes started by kennen in D:\hkn\MobileIMSDK-5.0.3\sdk_src\Server\SchoolAirDropIM)
[2020/12/28-19:41:45] [main] [INFO ] [com.kennen.schoolairdrop.im.IMApplication] : No active profile set, falling back to default profiles: default
[2020/12/28-19:41:49] [main] [INFO ] [com.kennen.schoolairdrop.im.IMApplication] : Started IMApplication in 3.761 seconds (JVM running for 4.454)
[2020/12/28-20:01:25] [main] [INFO ] [com.kennen.schoolairdrop.im.IMApplication] : Starting IMApplication on K-Laptop with PID 6840 (D:\hkn\MobileIMSDK-5.0.3\sdk_src\Server\SchoolAirDropIM\target\classes started by kennen in D:\hkn\MobileIMSDK-5.0.3\sdk_src\Server\SchoolAirDropIM)
[2020/12/28-20:01:25] [main] [INFO ] [com.kennen.schoolairdrop.im.IMApplication] : No active profile set, falling back to default profiles: default
[2020/12/28-20:01:28] [main] [INFO ] [com.kennen.schoolairdrop.im.IMApplication] : Started IMApplication in 4.253 seconds (JVM running for 4.96)
[2020/12/28-20:59:42] [main] [INFO ] [com.kennen.schoolairdrop.im.IMApplication] : Starting IMApplication on K-Laptop with PID 13860 (D:\hkn\MobileIMSDK-5.0.3\sdk_src\Server\SchoolAirDropIM\target\classes started by kennen in D:\hkn\MobileIMSDK-5.0.3\sdk_src\Server\SchoolAirDropIM)
[2020/12/28-20:59:42] [main] [INFO ] [com.kennen.schoolairdrop.im.IMApplication] : No active profile set, falling back to default profiles: default
[2020/12/28-20:59:46] [main] [INFO ] [com.kennen.schoolairdrop.im.IMApplication] : Started IMApplication in 4.248 seconds (JVM running for 4.961)
[2020/12/28-20:59:56] [http-nio-2020-exec-5] [INFO ] [com.kennen.schoolairdrop.im.controller.GoodsController] : D:\assets\goods\img
[2020/12/28-21:04:27] [main] [INFO ] [com.kennen.schoolairdrop.im.IMApplication] : Starting IMApplication on K-Laptop with PID 25568 (D:\hkn\MobileIMSDK-5.0.3\sdk_src\Server\SchoolAirDropIM\target\classes started by kennen in D:\hkn\MobileIMSDK-5.0.3\sdk_src\Server\SchoolAirDropIM)
[2020/12/28-21:04:27] [main] [INFO ] [com.kennen.schoolairdrop.im.IMApplication] : No active profile set, falling back to default profiles: default
[2020/12/28-21:04:30] [main] [INFO ] [com.kennen.schoolairdrop.im.IMApplication] : Started IMApplication in 3.852 seconds (JVM running for 4.514)
[2020/12/28-21:08:26] [main] [INFO ] [com.kennen.schoolairdrop.im.IMApplication] : Starting IMApplication on K-Laptop with PID 9940 (D:\hkn\MobileIMSDK-5.0.3\sdk_src\Server\SchoolAirDropIM\target\classes started by kennen in D:\hkn\MobileIMSDK-5.0.3\sdk_src\Server\SchoolAirDropIM)
[2020/12/28-21:08:26] [main] [INFO ] [com.kennen.schoolairdrop.im.IMApplication] : No active profile set, falling back to default profiles: default
[2020/12/28-21:08:29] [main] [INFO ] [com.kennen.schoolairdrop.im.IMApplication] : Started IMApplication in 3.876 seconds (JVM running for 4.522)
[2020/12/28-21:08:34] [http-nio-2020-exec-5] [INFO ] [com.kennen.schoolairdrop.im.controller.GoodsController] : D:\assets\goods\img
[2020/12/28-21:08:34] [http-nio-2020-exec-5] [INFO ] [com.kennen.schoolairdrop.im.controller.GoodsController] : \assets\goods\img
[2020/12/28-21:42:49] [main] [INFO ] [com.kennen.schoolairdrop.im.IMApplication] : Starting IMApplication on K-Laptop with PID 28628 (D:\hkn\MobileIMSDK-5.0.3\sdk_src\Server\SchoolAirDropIM\target\classes started by kennen in D:\hkn\MobileIMSDK-5.0.3\sdk_src\Server\SchoolAirDropIM)
[2020/12/28-21:42:49] [main] [INFO ] [com.kennen.schoolairdrop.im.IMApplication] : No active profile set, falling back to default profiles: default
[2020/12/28-21:42:52] [main] [INFO ] [com.kennen.schoolairdrop.im.IMApplication] : Started IMApplication in 3.938 seconds (JVM running for 4.618)
[2020/12/28-21:52:15] [main] [INFO ] [com.kennen.schoolairdrop.im.IMApplication] : Starting IMApplication on K-Laptop with PID 27696 (D:\hkn\MobileIMSDK-5.0.3\sdk_src\Server\SchoolAirDropIM\target\classes started by kennen in D:\hkn\MobileIMSDK-5.0.3\sdk_src\Server\SchoolAirDropIM)
[2020/12/28-21:52:15] [main] [INFO ] [com.kennen.schoolairdrop.im.IMApplication] : No active profile set, falling back to default profiles: default
[2020/12/28-21:52:19] [main] [INFO ] [com.kennen.schoolairdrop.im.IMApplication] : Started IMApplication in 3.768 seconds (JVM running for 4.435)
[2020/12/28-21:53:12] [main] [INFO ] [com.kennen.schoolairdrop.im.IMApplication] : Starting IMApplication on K-Laptop with PID 28360 (D:\hkn\MobileIMSDK-5.0.3\sdk_src\Server\SchoolAirDropIM\target\classes started by kennen in D:\hkn\MobileIMSDK-5.0.3\sdk_src\Server\SchoolAirDropIM)
[2020/12/28-21:53:12] [main] [INFO ] [com.kennen.schoolairdrop.im.IMApplication] : No active profile set, falling back to default profiles: default
[2020/12/28-21:53:16] [main] [INFO ] [com.kennen.schoolairdrop.im.IMApplication] : Started IMApplication in 3.966 seconds (JVM running for 4.633)
[2020/12/28-22:09:30] [main] [INFO ] [com.kennen.schoolairdrop.im.IMApplication] : Starting IMApplication on K-Laptop with PID 26236 (D:\hkn\MobileIMSDK-5.0.3\sdk_src\Server\SchoolAirDropIM\target\classes started by kennen in D:\hkn\MobileIMSDK-5.0.3\sdk_src\Server\SchoolAirDropIM)
[2020/12/28-22:09:30] [main] [INFO ] [com.kennen.schoolairdrop.im.IMApplication] : No active profile set, falling back to default profiles: default
[2020/12/28-22:09:33] [main] [INFO ] [com.kennen.schoolairdrop.im.IMApplication] : Started IMApplication in 3.975 seconds (JVM running for 4.629)
[2020/12/28-22:15:05] [main] [INFO ] [com.kennen.schoolairdrop.im.IMApplication] : Starting IMApplication on K-Laptop with PID 28376 (D:\hkn\MobileIMSDK-5.0.3\sdk_src\Server\SchoolAirDropIM\target\classes started by kennen in D:\hkn\MobileIMSDK-5.0.3\sdk_src\Server\SchoolAirDropIM)
[2020/12/28-22:15:05] [main] [INFO ] [com.kennen.schoolairdrop.im.IMApplication] : No active profile set, falling back to default profiles: default
[2020/12/28-22:15:08] [main] [INFO ] [com.kennen.schoolairdrop.im.IMApplication] : Started IMApplication in 3.961 seconds (JVM running for 4.674)
[2020/12/28-22:34:19] [main] [INFO ] [com.kennen.schoolairdrop.im.IMApplication] : Starting IMApplication on K-Laptop with PID 8300 (D:\hkn\MobileIMSDK-5.0.3\sdk_src\Server\SchoolAirDropIM\target\classes started by kennen in D:\hkn\MobileIMSDK-5.0.3\sdk_src\Server\SchoolAirDropIM)
[2020/12/28-22:34:19] [main] [INFO ] [com.kennen.schoolairdrop.im.IMApplication] : No active profile set, falling back to default profiles: default
[2020/12/28-22:34:23] [main] [INFO ] [com.kennen.schoolairdrop.im.IMApplication] : Started IMApplication in 3.911 seconds (JVM running for 4.564)
[2020/12/28-22:37:13] [http-nio-2020-exec-5] [INFO ] [com.kennen.schoolairdrop.im.service.impl.GoodsImpl] : D:/assets/goods/img/793245513506881536.jpg
[2020/12/28-22:37:13] [http-nio-2020-exec-5] [INFO ] [com.kennen.schoolairdrop.im.service.impl.GoodsImpl] : /assets/goods/img/793245513515270144.jpg
[2020/12/28-22:44:33] [main] [INFO ] [com.kennen.schoolairdrop.im.IMApplication] : Starting IMApplication on K-Laptop with PID 27908 (D:\hkn\MobileIMSDK-5.0.3\sdk_src\Server\SchoolAirDropIM\target\classes started by kennen in D:\hkn\MobileIMSDK-5.0.3\sdk_src\Server\SchoolAirDropIM)
[2020/12/28-22:44:33] [main] [INFO ] [com.kennen.schoolairdrop.im.IMApplication] : No active profile set, falling back to default profiles: default
[2020/12/28-22:44:36] [main] [INFO ] [com.kennen.schoolairdrop.im.IMApplication] : Started IMApplication in 3.801 seconds (JVM running for 4.478)
[2020/12/28-22:45:54] [main] [INFO ] [com.kennen.schoolairdrop.im.IMApplication] : Starting IMApplication on K-Laptop with PID 28336 (D:\hkn\MobileIMSDK-5.0.3\sdk_src\Server\SchoolAirDropIM\target\classes started by kennen in D:\hkn\MobileIMSDK-5.0.3\sdk_src\Server\SchoolAirDropIM)
[2020/12/28-22:45:54] [main] [INFO ] [com.kennen.schoolairdrop.im.IMApplication] : No active profile set, falling back to default profiles: default
[2020/12/28-22:45:57] [main] [INFO ] [com.kennen.schoolairdrop.im.IMApplication] : Started IMApplication in 3.806 seconds (JVM running for 4.461)
[2020/12/28-22:46:07] [http-nio-2020-exec-1] [INFO ] [com.kennen.schoolairdrop.im.service.impl.GoodsImpl] : D:\assets\goods\img\assets\goods\img\793248138574954496.jpg
[2020/12/28-22:46:07] [http-nio-2020-exec-1] [INFO ] [com.kennen.schoolairdrop.im.service.impl.GoodsImpl] : D:\assets\goods\img\assets\goods\img\793248138587537408.jpg
[2020/12/28-22:47:39] [main] [INFO ] [com.kennen.schoolairdrop.im.IMApplication] : Starting IMApplication on K-Laptop with PID 21500 (D:\hkn\MobileIMSDK-5.0.3\sdk_src\Server\SchoolAirDropIM\target\classes started by kennen in D:\hkn\MobileIMSDK-5.0.3\sdk_src\Server\SchoolAirDropIM)
[2020/12/28-22:47:39] [main] [INFO ] [com.kennen.schoolairdrop.im.IMApplication] : No active profile set, falling back to default profiles: default
[2020/12/28-22:47:43] [main] [INFO ] [com.kennen.schoolairdrop.im.IMApplication] : Started IMApplication in 3.919 seconds (JVM running for 4.603)
[2020/12/28-22:47:46] [http-nio-2020-exec-2] [INFO ] [com.kennen.schoolairdrop.im.service.impl.GoodsImpl] : D:\assets\goods\img\793248138574954496.jpg
[2020/12/28-22:47:46] [http-nio-2020-exec-2] [INFO ] [com.kennen.schoolairdrop.im.service.impl.GoodsImpl] : D:\assets\goods\img\assets\goods\img\793248138587537408.jpg
[2020/12/28-22:48:17] [main] [INFO ] [com.kennen.schoolairdrop.im.IMApplication] : Starting IMApplication on K-Laptop with PID 6704 (D:\hkn\MobileIMSDK-5.0.3\sdk_src\Server\SchoolAirDropIM\target\classes started by kennen in D:\hkn\MobileIMSDK-5.0.3\sdk_src\Server\SchoolAirDropIM)
[2020/12/28-22:48:17] [main] [INFO ] [com.kennen.schoolairdrop.im.IMApplication] : No active profile set, falling back to default profiles: default
[2020/12/28-22:48:20] [main] [INFO ] [com.kennen.schoolairdrop.im.IMApplication] : Started IMApplication in 3.721 seconds (JVM running for 4.389)
[2020/12/28-22:48:24] [http-nio-2020-exec-2] [INFO ] [com.kennen.schoolairdrop.im.service.impl.GoodsImpl] : D:\assets\goods\img\793248138574954496.jpg
[2020/12/28-22:48:24] [http-nio-2020-exec-2] [INFO ] [com.kennen.schoolairdrop.im.service.impl.GoodsImpl] : D:\assets\goods\img\793248138587537408.jpg
[2020/12/28-22:50:06] [main] [INFO ] [com.kennen.schoolairdrop.im.IMApplication] : Starting IMApplication on K-Laptop with PID 5776 (D:\hkn\MobileIMSDK-5.0.3\sdk_src\Server\SchoolAirDropIM\target\classes started by kennen in D:\hkn\MobileIMSDK-5.0.3\sdk_src\Server\SchoolAirDropIM)
[2020/12/28-22:50:06] [main] [INFO ] [com.kennen.schoolairdrop.im.IMApplication] : No active profile set, falling back to default profiles: default
[2020/12/28-22:50:10] [main] [INFO ] [com.kennen.schoolairdrop.im.IMApplication] : Started IMApplication in 3.863 seconds (JVM running for 4.538)
[2020/12/28-22:50:17] [http-nio-2020-exec-3] [INFO ] [com.kennen.schoolairdrop.im.service.impl.GoodsImpl] : D:\assets\goods\img\793249193975087104.jpg
[2020/12/28-22:50:17] [http-nio-2020-exec-3] [INFO ] [com.kennen.schoolairdrop.im.service.impl.GoodsImpl] : D:\assets\goods\img\793249193983475712.jpg
[2020/12/28-22:55:17] [main] [INFO ] [com.kennen.schoolairdrop.im.IMApplication] : Starting IMApplication on K-Laptop with PID 18312 (D:\hkn\MobileIMSDK-5.0.3\sdk_src\Server\SchoolAirDropIM\target\classes started by kennen in D:\hkn\MobileIMSDK-5.0.3\sdk_src\Server\SchoolAirDropIM)
[2020/12/28-22:55:17] [main] [INFO ] [com.kennen.schoolairdrop.im.IMApplication] : No active profile set, falling back to default profiles: default
[2020/12/28-22:55:20] [main] [INFO ] [com.kennen.schoolairdrop.im.IMApplication] : Started IMApplication in 3.979 seconds (JVM running for 4.644)
[2020/12/28-23:08:25] [main] [INFO ] [com.kennen.schoolairdrop.im.IMApplication] : Starting IMApplication on K-Laptop with PID 26280 (D:\hkn\MobileIMSDK-5.0.3\sdk_src\Server\SchoolAirDropIM\target\classes started by kennen in D:\hkn\MobileIMSDK-5.0.3\sdk_src\Server\SchoolAirDropIM)
[2020/12/28-23:08:25] [main] [INFO ] [com.kennen.schoolairdrop.im.IMApplication] : No active profile set, falling back to default profiles: default
[2020/12/28-23:08:29] [main] [INFO ] [com.kennen.schoolairdrop.im.IMApplication] : Started IMApplication in 3.782 seconds (JVM running for 4.42)
[2020/12/28-23:38:25] [main] [INFO ] [com.kennen.schoolairdrop.im.IMApplication] : Starting IMApplication on K-Laptop with PID 21612 (D:\hkn\MobileIMSDK-5.0.3\sdk_src\Server\SchoolAirDropIM\target\classes started by kennen in D:\hkn\MobileIMSDK-5.0.3\sdk_src\Server\SchoolAirDropIM)
[2020/12/28-23:38:25] [main] [INFO ] [com.kennen.schoolairdrop.im.IMApplication] : No active profile set, falling back to default profiles: default
[2020/12/28-23:38:28] [main] [INFO ] [com.kennen.schoolairdrop.im.IMApplication] : Started IMApplication in 3.724 seconds (JVM running for 4.358)
