[2020/12/13-13:57:59] [main] [INFO ] [com.kennen.schoolairdrop.im.IMApplication] : Starting IMApplication on K-Laptop with PID 15248 (D:\hkn\MobileIMSDK-5.0.3\sdk_src\Server\SchoolAirDropIM\target\classes started by kennen in D:\hkn\MobileIMSDK-5.0.3\sdk_src\Server\SchoolAirDropIM)
[2020/12/13-13:57:59] [main] [INFO ] [com.kennen.schoolairdrop.im.IMApplication] : No active profile set, falling back to default profiles: default
[2020/12/13-13:58:01] [main] [INFO ] [com.kennen.schoolairdrop.im.IMApplication] : Started IMApplication in 2.342 seconds (JVM running for 3.012)
[2020/12/13-13:58:29] [nioEventLoopGroup-7-1] [INFO ] [com.kennen.schoolairdrop.im.impl.ServerEventListenerImpl] : hhhhhhhhhhhhhhhhhhhhhhhhhhhhhhhhhhhhhhhhhhhhhhhhhhhhhhhhhhhhhhhhhhhhhhhhhhhhhhhhhhhhhhhhhhhhhhhhhhhhhhhhh
[2020/12/13-13:58:34] [nioEventLoopGroup-7-2] [INFO ] [com.kennen.schoolairdrop.im.impl.ServerEventListenerImpl] : hhhhhhhhhhhhhhhhhhhhhhhhhhhhhhhhhhhhhhhhhhhhhhhhhhhhhhhhhhhhhhhhhhhhhhhhhhhhhhhhhhhhhhhhhhhhhhhhhhhhhhhhh
[2020/12/13-13:58:34] [nioEventLoopGroup-7-3] [INFO ] [com.kennen.schoolairdrop.im.impl.ServerEventListenerImpl] : hhhhhhhhhhhhhhhhhhhhhhhhhhhhhhhhhhhhhhhhhhhhhhhhhhhhhhhhhhhhhhhhhhhhhhhhhhhhhhhhhhhhhhhhhhhhhhhhhhhhhhhhh
[2020/12/13-13:59:47] [main] [INFO ] [com.kennen.schoolairdrop.im.IMApplication] : Starting IMApplication on K-Laptop with PID 3760 (D:\hkn\MobileIMSDK-5.0.3\sdk_src\Server\SchoolAirDropIM\target\classes started by kennen in D:\hkn\MobileIMSDK-5.0.3\sdk_src\Server\SchoolAirDropIM)
[2020/12/13-13:59:47] [main] [INFO ] [com.kennen.schoolairdrop.im.IMApplication] : No active profile set, falling back to default profiles: default
[2020/12/13-13:59:49] [main] [INFO ] [com.kennen.schoolairdrop.im.IMApplication] : Started IMApplication in 2.276 seconds (JVM running for 2.898)
[2020/12/13-14:00:00] [nioEventLoopGroup-7-1] [INFO ] [com.kennen.schoolairdrop.im.impl.ServerEventListenerImpl] : hhhhhhhhhhhhhhhhhhhhhhhhhhhhhhhhhhhhhhhhhhhhhhhhhhhhhhhhhhhhhhhhhhhhhhhhhhhhhhhhhhhhhhhhhhhhhhhhhhhhhhhhh
[2020/12/13-14:00:05] [nioEventLoopGroup-7-2] [INFO ] [com.kennen.schoolairdrop.im.impl.ServerEventListenerImpl] : hhhhhhhhhhhhhhhhhhhhhhhhhhhhhhhhhhhhhhhhhhhhhhhhhhhhhhhhhhhhhhhhhhhhhhhhhhhhhhhhhhhhhhhhhhhhhhhhhhhhhhhhh
[2020/12/13-14:00:05] [nioEventLoopGroup-7-3] [INFO ] [com.kennen.schoolairdrop.im.impl.ServerEventListenerImpl] : hhhhhhhhhhhhhhhhhhhhhhhhhhhhhhhhhhhhhhhhhhhhhhhhhhhhhhhhhhhhhhhhhhhhhhhhhhhhhhhhhhhhhhhhhhhhhhhhhhhhhhhhh
[2020/12/13-14:02:19] [main] [INFO ] [com.kennen.schoolairdrop.im.IMApplication] : Starting IMApplication on K-Laptop with PID 11488 (D:\hkn\MobileIMSDK-5.0.3\sdk_src\Server\SchoolAirDropIM\target\classes started by kennen in D:\hkn\MobileIMSDK-5.0.3\sdk_src\Server\SchoolAirDropIM)
[2020/12/13-14:02:19] [main] [INFO ] [com.kennen.schoolairdrop.im.IMApplication] : No active profile set, falling back to default profiles: default
[2020/12/13-14:02:21] [main] [INFO ] [com.kennen.schoolairdrop.im.IMApplication] : Started IMApplication in 2.283 seconds (JVM running for 2.906)
[2020/12/13-14:20:40] [main] [INFO ] [com.kennen.schoolairdrop.im.IMApplication] : Starting IMApplication on K-Laptop with PID 5740 (D:\hkn\MobileIMSDK-5.0.3\sdk_src\Server\SchoolAirDropIM\target\classes started by kennen in D:\hkn\MobileIMSDK-5.0.3\sdk_src\Server\SchoolAirDropIM)
[2020/12/13-14:20:40] [main] [INFO ] [com.kennen.schoolairdrop.im.IMApplication] : No active profile set, falling back to default profiles: default
[2020/12/13-14:20:42] [main] [INFO ] [com.kennen.schoolairdrop.im.IMApplication] : Started IMApplication in 2.281 seconds (JVM running for 2.945)
[2020/12/13-14:21:26] [main] [INFO ] [com.kennen.schoolairdrop.im.IMApplication] : Starting IMApplication on K-Laptop with PID 14036 (D:\hkn\MobileIMSDK-5.0.3\sdk_src\Server\SchoolAirDropIM\target\classes started by kennen in D:\hkn\MobileIMSDK-5.0.3\sdk_src\Server\SchoolAirDropIM)
[2020/12/13-14:21:26] [main] [INFO ] [com.kennen.schoolairdrop.im.IMApplication] : No active profile set, falling back to default profiles: default
[2020/12/13-14:21:28] [main] [INFO ] [com.kennen.schoolairdrop.im.IMApplication] : Started IMApplication in 2.288 seconds (JVM running for 2.916)
[2020/12/13-15:09:14] [main] [INFO ] [com.kennen.schoolairdrop.im.IMApplication] : Starting IMApplication on K-Laptop with PID 14740 (D:\hkn\MobileIMSDK-5.0.3\sdk_src\Server\SchoolAirDropIM\target\classes started by kennen in D:\hkn\MobileIMSDK-5.0.3\sdk_src\Server\SchoolAirDropIM)
[2020/12/13-15:09:14] [main] [INFO ] [com.kennen.schoolairdrop.im.IMApplication] : No active profile set, falling back to default profiles: default
[2020/12/13-15:09:16] [main] [INFO ] [com.kennen.schoolairdrop.im.IMApplication] : Started IMApplication in 2.339 seconds (JVM running for 2.977)
[2020/12/13-15:13:35] [main] [INFO ] [com.kennen.schoolairdrop.im.IMApplication] : Starting IMApplication on K-Laptop with PID 1172 (D:\hkn\MobileIMSDK-5.0.3\sdk_src\Server\SchoolAirDropIM\target\classes started by kennen in D:\hkn\MobileIMSDK-5.0.3\sdk_src\Server\SchoolAirDropIM)
[2020/12/13-15:13:35] [main] [INFO ] [com.kennen.schoolairdrop.im.IMApplication] : No active profile set, falling back to default profiles: default
[2020/12/13-15:13:37] [main] [INFO ] [com.kennen.schoolairdrop.im.IMApplication] : Started IMApplication in 2.323 seconds (JVM running for 2.968)
[2020/12/13-15:44:26] [main] [INFO ] [com.kennen.schoolairdrop.im.IMApplication] : Starting IMApplication on K-Laptop with PID 9768 (D:\hkn\MobileIMSDK-5.0.3\sdk_src\Server\SchoolAirDropIM\target\classes started by kennen in D:\hkn\MobileIMSDK-5.0.3\sdk_src\Server\SchoolAirDropIM)
[2020/12/13-15:44:26] [main] [INFO ] [com.kennen.schoolairdrop.im.IMApplication] : No active profile set, falling back to default profiles: default
[2020/12/13-15:44:28] [main] [INFO ] [com.kennen.schoolairdrop.im.IMApplication] : Started IMApplication in 2.478 seconds (JVM running for 3.157)
[2020/12/13-15:44:43] [nioEventLoopGroup-7-1] [INFO ] [com.kennen.schoolairdrop.im.component.OfflineMessageHandler] : 进入了handler方法
[2020/12/13-15:44:43] [nioEventLoopGroup-7-1] [INFO ] [com.kennen.schoolairdrop.im.service.impl.OfflineImpl] : 调用了保存离线消息Dao
[2020/12/13-15:44:43] [nioEventLoopGroup-7-1] [INFO ] [com.kennen.schoolairdrop.im.component.OfflineMessageHandler] : 退出了handler方法
[2020/12/13-15:44:46] [nioEventLoopGroup-7-1] [INFO ] [com.kennen.schoolairdrop.im.component.OfflineMessageHandler] : 进入了handler方法
[2020/12/13-15:44:46] [nioEventLoopGroup-7-1] [INFO ] [com.kennen.schoolairdrop.im.service.impl.OfflineImpl] : 调用了保存离线消息Dao
[2020/12/13-15:44:46] [nioEventLoopGroup-7-1] [INFO ] [com.kennen.schoolairdrop.im.component.OfflineMessageHandler] : 退出了handler方法
[2020/12/13-15:44:51] [nioEventLoopGroup-7-1] [INFO ] [com.kennen.schoolairdrop.im.component.OfflineMessageHandler] : 进入了handler方法
[2020/12/13-15:44:51] [nioEventLoopGroup-7-1] [INFO ] [com.kennen.schoolairdrop.im.service.impl.OfflineImpl] : 调用了保存离线消息Dao
[2020/12/13-15:44:51] [nioEventLoopGroup-7-1] [INFO ] [com.kennen.schoolairdrop.im.component.OfflineMessageHandler] : 退出了handler方法
[2020/12/13-20:13:52] [main] [INFO ] [com.kennen.schoolairdrop.im.IMApplication] : Starting IMApplication on K-Laptop with PID 8512 (D:\hkn\MobileIMSDK-5.0.3\sdk_src\Server\SchoolAirDropIM\target\classes started by kennen in D:\hkn\MobileIMSDK-5.0.3\sdk_src\Server\SchoolAirDropIM)
[2020/12/13-20:13:52] [main] [INFO ] [com.kennen.schoolairdrop.im.IMApplication] : No active profile set, falling back to default profiles: default
[2020/12/13-20:14:52] [main] [INFO ] [com.kennen.schoolairdrop.im.IMApplication] : Starting IMApplication on K-Laptop with PID 13396 (D:\hkn\MobileIMSDK-5.0.3\sdk_src\Server\SchoolAirDropIM\target\classes started by kennen in D:\hkn\MobileIMSDK-5.0.3\sdk_src\Server\SchoolAirDropIM)
[2020/12/13-20:14:52] [main] [INFO ] [com.kennen.schoolairdrop.im.IMApplication] : No active profile set, falling back to default profiles: default
[2020/12/13-20:16:24] [main] [INFO ] [com.kennen.schoolairdrop.im.IMApplication] : Starting IMApplication on K-Laptop with PID 10816 (D:\hkn\MobileIMSDK-5.0.3\sdk_src\Server\SchoolAirDropIM\target\classes started by kennen in D:\hkn\MobileIMSDK-5.0.3\sdk_src\Server\SchoolAirDropIM)
[2020/12/13-20:16:24] [main] [INFO ] [com.kennen.schoolairdrop.im.IMApplication] : No active profile set, falling back to default profiles: default
[2020/12/13-20:18:26] [main] [INFO ] [com.kennen.schoolairdrop.im.IMApplication] : Starting IMApplication on K-Laptop with PID 12764 (D:\hkn\MobileIMSDK-5.0.3\sdk_src\Server\SchoolAirDropIM\target\classes started by kennen in D:\hkn\MobileIMSDK-5.0.3\sdk_src\Server\SchoolAirDropIM)
[2020/12/13-20:18:26] [main] [INFO ] [com.kennen.schoolairdrop.im.IMApplication] : No active profile set, falling back to default profiles: default
[2020/12/13-20:19:05] [main] [INFO ] [com.kennen.schoolairdrop.im.IMApplication] : Starting IMApplication on K-Laptop with PID 9000 (D:\hkn\MobileIMSDK-5.0.3\sdk_src\Server\SchoolAirDropIM\target\classes started by kennen in D:\hkn\MobileIMSDK-5.0.3\sdk_src\Server\SchoolAirDropIM)
[2020/12/13-20:19:05] [main] [INFO ] [com.kennen.schoolairdrop.im.IMApplication] : No active profile set, falling back to default profiles: default
[2020/12/13-20:19:09] [main] [INFO ] [com.kennen.schoolairdrop.im.IMApplication] : Started IMApplication in 3.735 seconds (JVM running for 4.424)
[2020/12/13-20:23:58] [main] [INFO ] [com.kennen.schoolairdrop.im.IMApplication] : Starting IMApplication on K-Laptop with PID 17916 (D:\hkn\MobileIMSDK-5.0.3\sdk_src\Server\SchoolAirDropIM\target\classes started by kennen in D:\hkn\MobileIMSDK-5.0.3\sdk_src\Server\SchoolAirDropIM)
[2020/12/13-20:23:58] [main] [INFO ] [com.kennen.schoolairdrop.im.IMApplication] : No active profile set, falling back to default profiles: default
[2020/12/13-20:24:01] [main] [INFO ] [com.kennen.schoolairdrop.im.IMApplication] : Started IMApplication in 3.54 seconds (JVM running for 4.175)
[2020/12/13-20:24:17] [nioEventLoopGroup-7-1] [INFO ] [com.kennen.schoolairdrop.im.impl.ServerEventListenerImpl] : userID == > 0 token == > kennen
[2020/12/13-20:25:16] [nioEventLoopGroup-7-2] [INFO ] [com.kennen.schoolairdrop.im.impl.ServerEventListenerImpl] : userID == > 1 token == > wiredo
[2020/12/13-20:26:41] [nioEventLoopGroup-7-3] [INFO ] [com.kennen.schoolairdrop.im.impl.ServerEventListenerImpl] : userID == > 015 token == > kennen
[2020/12/13-20:26:59] [nioEventLoopGroup-7-3] [ERROR] [com.kennen.schoolairdrop.im.service.impl.OfflineImpl] : 【用户token已过期或鉴权错误】没有找到用户鉴权信息 015
[2020/12/13-20:27:06] [nioEventLoopGroup-7-3] [ERROR] [com.kennen.schoolairdrop.im.service.impl.OfflineImpl] : 【用户token已过期或鉴权错误】没有找到用户鉴权信息 015
[2020/12/13-20:27:11] [nioEventLoopGroup-7-3] [ERROR] [com.kennen.schoolairdrop.im.service.impl.OfflineImpl] : 【用户token已过期或鉴权错误】没有找到用户鉴权信息 015
[2020/12/13-20:57:49] [main] [INFO ] [com.kennen.schoolairdrop.im.IMApplication] : Starting IMApplication on K-Laptop with PID 10812 (D:\hkn\MobileIMSDK-5.0.3\sdk_src\Server\SchoolAirDropIM\target\classes started by kennen in D:\hkn\MobileIMSDK-5.0.3\sdk_src\Server\SchoolAirDropIM)
[2020/12/13-20:57:49] [main] [INFO ] [com.kennen.schoolairdrop.im.IMApplication] : No active profile set, falling back to default profiles: default
[2020/12/13-20:57:53] [main] [INFO ] [com.kennen.schoolairdrop.im.IMApplication] : Started IMApplication in 3.938 seconds (JVM running for 4.721)
[2020/12/13-21:01:00] [main] [INFO ] [com.kennen.schoolairdrop.im.IMApplication] : Starting IMApplication on K-Laptop with PID 944 (D:\hkn\MobileIMSDK-5.0.3\sdk_src\Server\SchoolAirDropIM\target\classes started by kennen in D:\hkn\MobileIMSDK-5.0.3\sdk_src\Server\SchoolAirDropIM)
[2020/12/13-21:01:00] [main] [INFO ] [com.kennen.schoolairdrop.im.IMApplication] : No active profile set, falling back to default profiles: default
[2020/12/13-21:01:03] [main] [INFO ] [com.kennen.schoolairdrop.im.IMApplication] : Started IMApplication in 3.753 seconds (JVM running for 4.434)
[2020/12/13-21:19:45] [main] [INFO ] [com.kennen.schoolairdrop.im.IMApplication] : Starting IMApplication on K-Laptop with PID 13456 (D:\hkn\MobileIMSDK-5.0.3\sdk_src\Server\SchoolAirDropIM\target\classes started by kennen in D:\hkn\MobileIMSDK-5.0.3\sdk_src\Server\SchoolAirDropIM)
[2020/12/13-21:19:45] [main] [INFO ] [com.kennen.schoolairdrop.im.IMApplication] : No active profile set, falling back to default profiles: default
[2020/12/13-21:19:49] [main] [INFO ] [com.kennen.schoolairdrop.im.IMApplication] : Started IMApplication in 4.227 seconds (JVM running for 4.892)
[2020/12/13-21:31:06] [nioEventLoopGroup-7-1] [ERROR] [com.kennen.schoolairdrop.im.service.impl.OfflineImpl] : 【用户token已过期或鉴权错误】没有找到用户鉴权信息 null
[2020/12/13-21:31:11] [nioEventLoopGroup-7-1] [ERROR] [com.kennen.schoolairdrop.im.service.impl.OfflineImpl] : 【用户token已过期或鉴权错误】没有找到用户鉴权信息 null
[2020/12/13-21:31:16] [nioEventLoopGroup-7-1] [ERROR] [com.kennen.schoolairdrop.im.service.impl.OfflineImpl] : 【用户token已过期或鉴权错误】没有找到用户鉴权信息 null
[2020/12/13-21:32:24] [main] [INFO ] [com.kennen.schoolairdrop.im.IMApplication] : Starting IMApplication on K-Laptop with PID 996 (D:\hkn\MobileIMSDK-5.0.3\sdk_src\Server\SchoolAirDropIM\target\classes started by kennen in D:\hkn\MobileIMSDK-5.0.3\sdk_src\Server\SchoolAirDropIM)
[2020/12/13-21:32:24] [main] [INFO ] [com.kennen.schoolairdrop.im.IMApplication] : No active profile set, falling back to default profiles: default
[2020/12/13-21:32:27] [main] [INFO ] [com.kennen.schoolairdrop.im.IMApplication] : Started IMApplication in 3.746 seconds (JVM running for 4.444)
[2020/12/13-21:33:09] [main] [INFO ] [com.kennen.schoolairdrop.im.IMApplication] : Starting IMApplication on K-Laptop with PID 19144 (D:\hkn\MobileIMSDK-5.0.3\sdk_src\Server\SchoolAirDropIM\target\classes started by kennen in D:\hkn\MobileIMSDK-5.0.3\sdk_src\Server\SchoolAirDropIM)
[2020/12/13-21:33:09] [main] [INFO ] [com.kennen.schoolairdrop.im.IMApplication] : No active profile set, falling back to default profiles: default
[2020/12/13-21:33:12] [main] [INFO ] [com.kennen.schoolairdrop.im.IMApplication] : Started IMApplication in 3.75 seconds (JVM running for 4.426)
[2020/12/13-23:26:58] [main] [INFO ] [com.kennen.schoolairdrop.im.IMApplication] : Starting IMApplication on K-Laptop with PID 17404 (D:\hkn\MobileIMSDK-5.0.3\sdk_src\Server\SchoolAirDropIM\target\classes started by kennen in D:\hkn\MobileIMSDK-5.0.3\sdk_src\Server\SchoolAirDropIM)
[2020/12/13-23:26:58] [main] [INFO ] [com.kennen.schoolairdrop.im.IMApplication] : No active profile set, falling back to default profiles: default
[2020/12/13-23:27:01] [main] [INFO ] [com.kennen.schoolairdrop.im.IMApplication] : Started IMApplication in 3.693 seconds (JVM running for 4.404)
