[2020/12/30-11:30:52] [main] [INFO ] [com.kennen.schoolairdrop.im.IMApplication] : Starting IMApplication on K-Laptop with PID 8936 (D:\hkn\MobileIMSDK-5.0.3\sdk_src\Server\SchoolAirDropIM\target\classes started by kennen in D:\hkn\MobileIMSDK-5.0.3\sdk_src\Server\SchoolAirDropIM)
[2020/12/30-11:30:52] [main] [INFO ] [com.kennen.schoolairdrop.im.IMApplication] : No active profile set, falling back to default profiles: default
[2020/12/30-11:30:56] [main] [INFO ] [com.kennen.schoolairdrop.im.IMApplication] : Started IMApplication in 4.559 seconds (JVM running for 5.383)
[2020/12/30-11:31:35] [http-nio-2020-exec-1] [INFO ] [com.kennen.schoolairdrop.im.service.impl.GoodsImpl] : 物品获取成功
[2020/12/30-11:31:53] [http-nio-2020-exec-2] [INFO ] [com.kennen.schoolairdrop.im.service.impl.GoodsImpl] : 物品详情获取成功
[2020/12/30-11:32:33] [http-nio-2020-exec-4] [INFO ] [com.kennen.schoolairdrop.im.service.impl.GoodsImpl] : 物品详情获取成功
[2020/12/30-11:34:28] [http-nio-2020-exec-7] [INFO ] [com.kennen.schoolairdrop.im.service.impl.GoodsImpl] : 物品获取成功
[2020/12/30-11:34:36] [http-nio-2020-exec-9] [INFO ] [com.kennen.schoolairdrop.im.service.impl.GoodsImpl] : 搜索到1个相似物品
[2020/12/30-11:34:52] [http-nio-2020-exec-10] [INFO ] [com.kennen.schoolairdrop.im.service.impl.GoodsImpl] : 搜索到2个相似物品
[2020/12/30-11:34:54] [http-nio-2020-exec-1] [INFO ] [com.kennen.schoolairdrop.im.service.impl.GoodsImpl] : 物品详情获取成功
[2020/12/30-11:35:23] [http-nio-2020-exec-5] [INFO ] [com.kennen.schoolairdrop.im.service.impl.UserImpl] : 头像更新成功
[2020/12/30-11:36:13] [http-nio-2020-exec-9] [INFO ] [com.kennen.schoolairdrop.im.service.impl.UserImpl] : 头像更新成功
[2020/12/30-11:45:19] [http-nio-2020-exec-5] [INFO ] [com.kennen.schoolairdrop.im.service.impl.GoodsImpl] : 物品获取成功
[2020/12/30-11:45:31] [http-nio-2020-exec-8] [INFO ] [com.kennen.schoolairdrop.im.service.impl.UserImpl] : 用户名更新成功 -- > ikennen
[2020/12/30-11:45:47] [http-nio-2020-exec-1] [INFO ] [com.kennen.schoolairdrop.im.service.impl.UserImpl] : 头像更新成功
[2020/12/30-11:45:56] [http-nio-2020-exec-9] [INFO ] [com.kennen.schoolairdrop.im.service.impl.GoodsImpl] : 在售物品获取成功
[2020/12/30-11:46:32] [http-nio-2020-exec-10] [INFO ] [com.kennen.schoolairdrop.im.service.impl.GoodsImpl] : 物品添加成功
[2020/12/30-11:46:38] [http-nio-2020-exec-2] [INFO ] [com.kennen.schoolairdrop.im.service.impl.GoodsImpl] : 在售物品获取成功
[2020/12/30-11:46:51] [http-nio-2020-exec-3] [INFO ] [com.kennen.schoolairdrop.im.service.impl.GoodsImpl] : 物品获取成功
[2020/12/30-11:46:53] [http-nio-2020-exec-5] [INFO ] [com.kennen.schoolairdrop.im.service.impl.GoodsImpl] : 在售物品获取成功
[2020/12/30-11:50:29] [main] [INFO ] [com.kennen.schoolairdrop.im.IMApplication] : Starting IMApplication on K-Laptop with PID 8976 (D:\hkn\MobileIMSDK-5.0.3\sdk_src\Server\SchoolAirDropIM\target\classes started by kennen in D:\hkn\MobileIMSDK-5.0.3\sdk_src\Server\SchoolAirDropIM)
[2020/12/30-11:50:29] [main] [INFO ] [com.kennen.schoolairdrop.im.IMApplication] : No active profile set, falling back to default profiles: default
[2020/12/30-11:50:32] [main] [INFO ] [com.kennen.schoolairdrop.im.IMApplication] : Started IMApplication in 4.055 seconds (JVM running for 4.713)
[2020/12/30-11:51:01] [http-nio-2020-exec-1] [INFO ] [com.kennen.schoolairdrop.im.service.impl.GoodsImpl] : 物品添加成功
[2020/12/30-11:51:05] [http-nio-2020-exec-3] [INFO ] [com.kennen.schoolairdrop.im.service.impl.GoodsImpl] : 物品获取成功
[2020/12/30-11:51:06] [http-nio-2020-exec-2] [INFO ] [com.kennen.schoolairdrop.im.service.impl.GoodsImpl] : 物品详情获取成功
[2020/12/30-11:51:27] [http-nio-2020-exec-8] [INFO ] [com.kennen.schoolairdrop.im.service.impl.GoodsImpl] : 在售物品获取成功
[2020/12/30-11:51:33] [http-nio-2020-exec-9] [INFO ] [com.kennen.schoolairdrop.im.service.impl.GoodsImpl] : D:\assets\goods\img\793808361798762496.jpg
[2020/12/30-11:51:33] [http-nio-2020-exec-9] [INFO ] [com.kennen.schoolairdrop.im.service.impl.GoodsImpl] : D:\assets\goods\img\793808361807151104.jpg
[2020/12/30-11:51:33] [http-nio-2020-exec-9] [INFO ] [com.kennen.schoolairdrop.im.service.impl.GoodsImpl] : D:\assets\goods\img\793808361815539712.jpg
[2020/12/30-11:51:33] [http-nio-2020-exec-9] [INFO ] [com.kennen.schoolairdrop.im.service.impl.GoodsImpl] : D:\assets\goods\img\793808361819734016.jpg
[2020/12/30-11:51:33] [http-nio-2020-exec-9] [INFO ] [com.kennen.schoolairdrop.im.service.impl.GoodsImpl] : id为1136的物品已删除
[2020/12/30-11:51:33] [http-nio-2020-exec-10] [INFO ] [com.kennen.schoolairdrop.im.service.impl.GoodsImpl] : 在售物品获取成功
[2020/12/30-11:51:38] [http-nio-2020-exec-1] [INFO ] [com.kennen.schoolairdrop.im.service.impl.GoodsImpl] : 物品详情获取成功
[2020/12/30-11:51:59] [http-nio-2020-exec-3] [INFO ] [com.kennen.schoolairdrop.im.service.impl.GoodsImpl] : 物品详情获取成功
[2020/12/30-11:52:16] [http-nio-2020-exec-7] [INFO ] [com.kennen.schoolairdrop.im.service.impl.GoodsImpl] : 物品详情获取成功
[2020/12/30-11:52:23] [http-nio-2020-exec-6] [INFO ] [com.kennen.schoolairdrop.im.service.impl.GoodsImpl] : 物品详情获取成功
[2020/12/30-13:46:34] [main] [INFO ] [com.kennen.schoolairdrop.im.IMApplication] : Starting IMApplication on K-Laptop with PID 9012 (D:\hkn\MobileIMSDK-5.0.3\sdk_src\Server\SchoolAirDropIM\target\classes started by kennen in D:\hkn\MobileIMSDK-5.0.3\sdk_src\Server\SchoolAirDropIM)
[2020/12/30-13:46:34] [main] [INFO ] [com.kennen.schoolairdrop.im.IMApplication] : No active profile set, falling back to default profiles: default
[2020/12/30-13:46:38] [main] [INFO ] [com.kennen.schoolairdrop.im.IMApplication] : Started IMApplication in 4.753 seconds (JVM running for 5.982)
[2020/12/30-13:58:57] [main] [INFO ] [com.kennen.schoolairdrop.im.IMApplication] : Starting IMApplication on K-Laptop with PID 13452 (D:\hkn\MobileIMSDK-5.0.3\sdk_src\Server\SchoolAirDropIM\target\classes started by kennen in D:\hkn\MobileIMSDK-5.0.3\sdk_src\Server\SchoolAirDropIM)
[2020/12/30-13:58:57] [main] [INFO ] [com.kennen.schoolairdrop.im.IMApplication] : No active profile set, falling back to default profiles: default
[2020/12/30-13:59:02] [main] [INFO ] [com.kennen.schoolairdrop.im.IMApplication] : Started IMApplication in 5.497 seconds (JVM running for 6.327)
[2020/12/30-13:59:56] [main] [INFO ] [com.kennen.schoolairdrop.im.IMApplication] : Starting IMApplication on K-Laptop with PID 11904 (D:\hkn\MobileIMSDK-5.0.3\sdk_src\Server\SchoolAirDropIM\target\classes started by kennen in D:\hkn\MobileIMSDK-5.0.3\sdk_src\Server\SchoolAirDropIM)
[2020/12/30-13:59:56] [main] [INFO ] [com.kennen.schoolairdrop.im.IMApplication] : No active profile set, falling back to default profiles: default
[2020/12/30-14:00:00] [main] [INFO ] [com.kennen.schoolairdrop.im.IMApplication] : Started IMApplication in 4.248 seconds (JVM running for 4.924)
[2020/12/30-14:00:46] [http-nio-2020-exec-2] [INFO ] [com.kennen.schoolairdrop.im.service.impl.GoodsImpl] : 物品获取成功
[2020/12/30-14:04:49] [http-nio-2020-exec-5] [INFO ] [com.kennen.schoolairdrop.im.service.impl.GoodsImpl] : 物品获取成功
[2020/12/30-14:08:52] [http-nio-2020-exec-8] [INFO ] [com.kennen.schoolairdrop.im.service.impl.GoodsImpl] : 物品获取成功
[2020/12/30-14:14:15] [http-nio-2020-exec-1] [INFO ] [com.kennen.schoolairdrop.im.service.impl.GoodsImpl] : 物品添加成功
