[2021/01/04-12:40:07] [main] [INFO ] [com.kennen.schoolairdrop.im.IMApplication] : Starting IMApplication on K-Laptop with PID 18032 (D:\hkn\MobileIMSDK-5.0.3\sdk_src\Server\SchoolAirDropIM\target\classes started by kennen in D:\hkn\MobileIMSDK-5.0.3\sdk_src\Server\SchoolAirDropIM)
[2021/01/04-12:40:07] [main] [INFO ] [com.kennen.schoolairdrop.im.IMApplication] : No active profile set, falling back to default profiles: default
[2021/01/04-12:40:11] [main] [INFO ] [com.kennen.schoolairdrop.im.IMApplication] : Started IMApplication in 4.383 seconds (JVM running for 5.039)
[2021/01/04-12:46:21] [main] [INFO ] [com.kennen.schoolairdrop.im.IMApplication] : Starting IMApplication on K-Laptop with PID 8844 (D:\hkn\MobileIMSDK-5.0.3\sdk_src\Server\SchoolAirDropIM\target\classes started by kennen in D:\hkn\MobileIMSDK-5.0.3\sdk_src\Server\SchoolAirDropIM)
[2021/01/04-12:46:21] [main] [INFO ] [com.kennen.schoolairdrop.im.IMApplication] : No active profile set, falling back to default profiles: default
[2021/01/04-12:46:24] [main] [INFO ] [com.kennen.schoolairdrop.im.IMApplication] : Started IMApplication in 4.03 seconds (JVM running for 4.692)
[2021/01/04-12:51:33] [main] [INFO ] [com.kennen.schoolairdrop.im.IMApplication] : Starting IMApplication on K-Laptop with PID 4556 (D:\hkn\MobileIMSDK-5.0.3\sdk_src\Server\SchoolAirDropIM\target\classes started by kennen in D:\hkn\MobileIMSDK-5.0.3\sdk_src\Server\SchoolAirDropIM)
[2021/01/04-12:51:33] [main] [INFO ] [com.kennen.schoolairdrop.im.IMApplication] : No active profile set, falling back to default profiles: default
[2021/01/04-12:51:36] [main] [INFO ] [com.kennen.schoolairdrop.im.IMApplication] : Started IMApplication in 3.999 seconds (JVM running for 4.614)
[2021/01/04-13:01:16] [main] [INFO ] [com.kennen.schoolairdrop.im.IMApplication] : Starting IMApplication on K-Laptop with PID 2448 (D:\hkn\MobileIMSDK-5.0.3\sdk_src\Server\SchoolAirDropIM\target\classes started by kennen in D:\hkn\MobileIMSDK-5.0.3\sdk_src\Server\SchoolAirDropIM)
[2021/01/04-13:01:16] [main] [INFO ] [com.kennen.schoolairdrop.im.IMApplication] : No active profile set, falling back to default profiles: default
[2021/01/04-13:01:20] [main] [INFO ] [com.kennen.schoolairdrop.im.IMApplication] : Started IMApplication in 3.973 seconds (JVM running for 4.61)
[2021/01/04-13:09:45] [main] [INFO ] [com.kennen.schoolairdrop.im.IMApplication] : Starting IMApplication on K-Laptop with PID 3304 (D:\hkn\MobileIMSDK-5.0.3\sdk_src\Server\SchoolAirDropIM\target\classes started by kennen in D:\hkn\MobileIMSDK-5.0.3\sdk_src\Server\SchoolAirDropIM)
[2021/01/04-13:09:45] [main] [INFO ] [com.kennen.schoolairdrop.im.IMApplication] : No active profile set, falling back to default profiles: default
[2021/01/04-13:09:49] [main] [INFO ] [com.kennen.schoolairdrop.im.IMApplication] : Started IMApplication in 3.849 seconds (JVM running for 4.487)
[2021/01/04-13:22:03] [main] [INFO ] [com.kennen.schoolairdrop.im.IMApplication] : Starting IMApplication on K-Laptop with PID 11456 (D:\hkn\MobileIMSDK-5.0.3\sdk_src\Server\SchoolAirDropIM\target\classes started by kennen in D:\hkn\MobileIMSDK-5.0.3\sdk_src\Server\SchoolAirDropIM)
[2021/01/04-13:22:03] [main] [INFO ] [com.kennen.schoolairdrop.im.IMApplication] : No active profile set, falling back to default profiles: default
[2021/01/04-13:22:07] [main] [INFO ] [com.kennen.schoolairdrop.im.IMApplication] : Started IMApplication in 4.198 seconds (JVM running for 4.83)
[2021/01/04-13:22:12] [http-nio-2020-exec-1] [INFO ] [com.kennen.schoolairdrop.im.service.impl.GoodsImpl] : 物品获取成功
[2021/01/04-13:22:18] [http-nio-2020-exec-4] [INFO ] [com.kennen.schoolairdrop.im.service.impl.GoodsImpl] : 物品详情获取成功
[2021/01/04-13:22:21] [http-nio-2020-exec-8] [INFO ] [com.kennen.schoolairdrop.im.service.impl.GoodsImpl] : 物品详情获取成功
[2021/01/04-13:23:24] [http-nio-2020-exec-6] [INFO ] [com.kennen.schoolairdrop.im.service.impl.GoodsImpl] : 物品添加成功
[2021/01/04-13:36:47] [main] [INFO ] [com.kennen.schoolairdrop.im.IMApplication] : Starting IMApplication on K-Laptop with PID 10956 (D:\hkn\MobileIMSDK-5.0.3\sdk_src\Server\SchoolAirDropIM\target\classes started by kennen in D:\hkn\MobileIMSDK-5.0.3\sdk_src\Server\SchoolAirDropIM)
[2021/01/04-13:36:47] [main] [INFO ] [com.kennen.schoolairdrop.im.IMApplication] : No active profile set, falling back to default profiles: default
[2021/01/04-13:36:51] [main] [INFO ] [com.kennen.schoolairdrop.im.IMApplication] : Started IMApplication in 3.928 seconds (JVM running for 4.595)
[2021/01/04-13:36:57] [http-nio-2020-exec-1] [INFO ] [com.kennen.schoolairdrop.im.service.impl.GoodsImpl] : 物品添加成功
[2021/01/04-14:02:18] [main] [INFO ] [com.kennen.schoolairdrop.im.IMApplication] : Starting IMApplication on K-Laptop with PID 13020 (D:\hkn\MobileIMSDK-5.0.3\sdk_src\Server\SchoolAirDropIM\target\classes started by kennen in D:\hkn\MobileIMSDK-5.0.3\sdk_src\Server\SchoolAirDropIM)
[2021/01/04-14:02:18] [main] [INFO ] [com.kennen.schoolairdrop.im.IMApplication] : No active profile set, falling back to default profiles: default
[2021/01/04-14:02:21] [main] [INFO ] [com.kennen.schoolairdrop.im.IMApplication] : Started IMApplication in 4.136 seconds (JVM running for 4.835)
[2021/01/04-14:02:26] [http-nio-2020-exec-1] [INFO ] [com.kennen.schoolairdrop.im.service.impl.GoodsImpl] : 物品添加成功
[2021/01/04-14:16:50] [main] [INFO ] [com.kennen.schoolairdrop.im.IMApplication] : Starting IMApplication on K-Laptop with PID 18028 (D:\hkn\MobileIMSDK-5.0.3\sdk_src\Server\SchoolAirDropIM\target\classes started by kennen in D:\hkn\MobileIMSDK-5.0.3\sdk_src\Server\SchoolAirDropIM)
[2021/01/04-14:16:50] [main] [INFO ] [com.kennen.schoolairdrop.im.IMApplication] : No active profile set, falling back to default profiles: default
[2021/01/04-14:16:54] [main] [INFO ] [com.kennen.schoolairdrop.im.IMApplication] : Started IMApplication in 4.078 seconds (JVM running for 4.73)
[2021/01/04-14:17:00] [http-nio-2020-exec-1] [INFO ] [com.kennen.schoolairdrop.im.service.impl.GoodsImpl] : 物品添加成功
[2021/01/04-14:23:36] [main] [INFO ] [com.kennen.schoolairdrop.im.IMApplication] : Starting IMApplication on K-Laptop with PID 18496 (D:\hkn\MobileIMSDK-5.0.3\sdk_src\Server\SchoolAirDropIM\target\classes started by kennen in D:\hkn\MobileIMSDK-5.0.3\sdk_src\Server\SchoolAirDropIM)
[2021/01/04-14:23:36] [main] [INFO ] [com.kennen.schoolairdrop.im.IMApplication] : No active profile set, falling back to default profiles: default
[2021/01/04-14:23:39] [main] [INFO ] [com.kennen.schoolairdrop.im.IMApplication] : Started IMApplication in 3.904 seconds (JVM running for 4.544)
[2021/01/04-14:23:44] [http-nio-2020-exec-1] [INFO ] [com.kennen.schoolairdrop.im.service.impl.GoodsImpl] : 物品添加成功
[2021/01/04-14:23:52] [http-nio-2020-exec-2] [INFO ] [com.kennen.schoolairdrop.im.service.impl.GoodsImpl] : 物品获取成功
[2021/01/04-14:23:54] [http-nio-2020-exec-4] [INFO ] [com.kennen.schoolairdrop.im.service.impl.GoodsImpl] : 物品详情获取成功
[2021/01/04-14:23:57] [http-nio-2020-exec-7] [INFO ] [com.kennen.schoolairdrop.im.service.impl.GoodsImpl] : 在售物品获取成功
[2021/01/04-14:28:40] [main] [INFO ] [com.kennen.schoolairdrop.im.IMApplication] : Starting IMApplication on K-Laptop with PID 4968 (D:\hkn\MobileIMSDK-5.0.3\sdk_src\Server\SchoolAirDropIM\target\classes started by kennen in D:\hkn\MobileIMSDK-5.0.3\sdk_src\Server\SchoolAirDropIM)
[2021/01/04-14:28:40] [main] [INFO ] [com.kennen.schoolairdrop.im.IMApplication] : No active profile set, falling back to default profiles: default
[2021/01/04-14:28:44] [main] [INFO ] [com.kennen.schoolairdrop.im.IMApplication] : Started IMApplication in 3.957 seconds (JVM running for 4.624)
[2021/01/04-14:28:59] [http-nio-2020-exec-1] [INFO ] [com.kennen.schoolairdrop.im.service.impl.GoodsImpl] : 物品添加成功
[2021/01/04-14:29:31] [http-nio-2020-exec-4] [INFO ] [com.kennen.schoolairdrop.im.service.impl.GoodsImpl] : 在售物品获取成功
[2021/01/04-14:29:35] [http-nio-2020-exec-8] [INFO ] [com.kennen.schoolairdrop.im.service.impl.GoodsImpl] : D:\asdasd
[2021/01/04-14:29:35] [http-nio-2020-exec-8] [INFO ] [com.kennen.schoolairdrop.im.service.impl.GoodsImpl] : D:\asdasd
[2021/01/04-14:29:35] [http-nio-2020-exec-8] [INFO ] [com.kennen.schoolairdrop.im.service.impl.GoodsImpl] : id为1142的物品已删除
[2021/01/04-14:31:39] [main] [INFO ] [com.kennen.schoolairdrop.im.IMApplication] : Starting IMApplication on K-Laptop with PID 10696 (D:\hkn\MobileIMSDK-5.0.3\sdk_src\Server\SchoolAirDropIM\target\classes started by kennen in D:\hkn\MobileIMSDK-5.0.3\sdk_src\Server\SchoolAirDropIM)
[2021/01/04-14:31:39] [main] [INFO ] [com.kennen.schoolairdrop.im.IMApplication] : No active profile set, falling back to default profiles: default
[2021/01/04-14:31:42] [main] [INFO ] [com.kennen.schoolairdrop.im.IMApplication] : Started IMApplication in 3.858 seconds (JVM running for 4.492)
[2021/01/04-14:31:53] [http-nio-2020-exec-1] [INFO ] [com.kennen.schoolairdrop.im.service.impl.GoodsImpl] : D:\asdasd
[2021/01/04-14:31:53] [http-nio-2020-exec-1] [INFO ] [com.kennen.schoolairdrop.im.service.impl.GoodsImpl] : D:\asdasd
[2021/01/04-14:31:53] [http-nio-2020-exec-1] [INFO ] [com.kennen.schoolairdrop.im.service.impl.GoodsImpl] : id为1142的物品已删除
[2021/01/04-14:31:53] [http-nio-2020-exec-4] [INFO ] [com.kennen.schoolairdrop.im.service.impl.GoodsImpl] : 在售物品获取成功
[2021/01/04-14:31:53] [http-nio-2020-exec-2] [INFO ] [com.kennen.schoolairdrop.im.service.impl.GoodsImpl] : 在售物品获取成功
[2021/01/04-14:31:58] [http-nio-2020-exec-9] [INFO ] [com.kennen.schoolairdrop.im.service.impl.GoodsImpl] : 在售物品获取成功
[2021/01/04-14:31:58] [http-nio-2020-exec-8] [INFO ] [com.kennen.schoolairdrop.im.service.impl.GoodsImpl] : D:\assets\goods\img\795658733584646144.jpg
[2021/01/04-14:31:58] [http-nio-2020-exec-8] [INFO ] [com.kennen.schoolairdrop.im.service.impl.GoodsImpl] : D:\assets\goods\img\795658733593034752.jpg
[2021/01/04-14:31:58] [http-nio-2020-exec-8] [INFO ] [com.kennen.schoolairdrop.im.service.impl.GoodsImpl] : D:\assets\goods\img\795658733597229056.jpg
[2021/01/04-14:31:58] [http-nio-2020-exec-8] [INFO ] [com.kennen.schoolairdrop.im.service.impl.GoodsImpl] : D:\assets\goods\img\795658733605617664.jpg
[2021/01/04-14:31:58] [http-nio-2020-exec-8] [INFO ] [com.kennen.schoolairdrop.im.service.impl.GoodsImpl] : id为1141的物品已删除
[2021/01/04-14:31:58] [http-nio-2020-exec-10] [INFO ] [com.kennen.schoolairdrop.im.service.impl.GoodsImpl] : 在售物品获取成功
[2021/01/04-14:31:58] [http-nio-2020-exec-1] [INFO ] [com.kennen.schoolairdrop.im.service.impl.GoodsImpl] : 在售物品获取成功
[2021/01/04-14:31:58] [http-nio-2020-exec-2] [INFO ] [com.kennen.schoolairdrop.im.service.impl.GoodsImpl] : 在售物品获取成功
[2021/01/04-14:32:02] [http-nio-2020-exec-4] [INFO ] [com.kennen.schoolairdrop.im.service.impl.GoodsImpl] : D:\assets\goods\img\795660055679598592.jpg
[2021/01/04-14:32:02] [http-nio-2020-exec-4] [INFO ] [com.kennen.schoolairdrop.im.service.impl.GoodsImpl] : D:\assets\goods\img\795660055687987200.jpg
[2021/01/04-14:32:02] [http-nio-2020-exec-3] [INFO ] [com.kennen.schoolairdrop.im.service.impl.GoodsImpl] : 在售物品获取成功
[2021/01/04-14:32:02] [http-nio-2020-exec-4] [INFO ] [com.kennen.schoolairdrop.im.service.impl.GoodsImpl] : D:\assets\goods\img\795660055696375808.jpg
[2021/01/04-14:32:02] [http-nio-2020-exec-4] [INFO ] [com.kennen.schoolairdrop.im.service.impl.GoodsImpl] : D:\assets\goods\img\795660055700570112.jpg
[2021/01/04-14:32:02] [http-nio-2020-exec-4] [INFO ] [com.kennen.schoolairdrop.im.service.impl.GoodsImpl] : id为1143的物品已删除
[2021/01/04-14:32:02] [http-nio-2020-exec-5] [INFO ] [com.kennen.schoolairdrop.im.service.impl.GoodsImpl] : 在售物品获取成功
[2021/01/04-14:32:02] [http-nio-2020-exec-7] [INFO ] [com.kennen.schoolairdrop.im.service.impl.GoodsImpl] : 在售物品获取成功
[2021/01/04-14:32:02] [http-nio-2020-exec-6] [INFO ] [com.kennen.schoolairdrop.im.service.impl.GoodsImpl] : 在售物品获取成功
[2021/01/04-14:32:02] [http-nio-2020-exec-9] [INFO ] [com.kennen.schoolairdrop.im.service.impl.GoodsImpl] : 在售物品获取成功
[2021/01/04-14:32:51] [http-nio-2020-exec-8] [INFO ] [com.kennen.schoolairdrop.im.service.impl.GoodsImpl] : 物品添加成功
[2021/01/04-14:32:56] [http-nio-2020-exec-10] [INFO ] [com.kennen.schoolairdrop.im.service.impl.GoodsImpl] : 物品获取成功
[2021/01/04-14:32:58] [http-nio-2020-exec-2] [INFO ] [com.kennen.schoolairdrop.im.service.impl.GoodsImpl] : 物品详情获取成功
[2021/01/04-14:33:01] [http-nio-2020-exec-7] [INFO ] [com.kennen.schoolairdrop.im.service.impl.GoodsImpl] : 物品详情获取成功
[2021/01/04-15:50:19] [main] [INFO ] [com.kennen.schoolairdrop.im.IMApplication] : Starting IMApplication on K-Laptop with PID 8208 (D:\hkn\MobileIMSDK-5.0.3\sdk_src\Server\SchoolAirDropIM\target\classes started by kennen in D:\hkn\MobileIMSDK-5.0.3\sdk_src\Server\SchoolAirDropIM)
[2021/01/04-15:50:19] [main] [INFO ] [com.kennen.schoolairdrop.im.IMApplication] : No active profile set, falling back to default profiles: default
[2021/01/04-15:50:23] [main] [INFO ] [com.kennen.schoolairdrop.im.IMApplication] : Started IMApplication in 3.97 seconds (JVM running for 4.609)
[2021/01/04-15:50:48] [http-nio-2020-exec-1] [INFO ] [com.kennen.schoolairdrop.im.service.impl.GoodsImpl] : 物品添加成功
[2021/01/04-15:51:10] [http-nio-2020-exec-2] [INFO ] [com.kennen.schoolairdrop.im.service.impl.GoodsImpl] : 物品获取成功
[2021/01/04-15:51:12] [http-nio-2020-exec-4] [INFO ] [com.kennen.schoolairdrop.im.service.impl.GoodsImpl] : 在售物品获取成功
[2021/01/04-15:51:13] [http-nio-2020-exec-5] [INFO ] [com.kennen.schoolairdrop.im.service.impl.GoodsImpl] : 物品详情获取成功
[2021/01/04-15:51:17] [http-nio-2020-exec-6] [INFO ] [com.kennen.schoolairdrop.im.service.impl.GoodsImpl] : D:\assets\goods\img\795680645203361792.jpg
[2021/01/04-15:51:17] [http-nio-2020-exec-6] [INFO ] [com.kennen.schoolairdrop.im.service.impl.GoodsImpl] : D:\assets\goods\img\795680645211750400.jpg
[2021/01/04-15:51:17] [http-nio-2020-exec-6] [INFO ] [com.kennen.schoolairdrop.im.service.impl.GoodsImpl] : D:\assets\goods\img\795680645215944704.jpg
[2021/01/04-15:51:17] [http-nio-2020-exec-6] [INFO ] [com.kennen.schoolairdrop.im.service.impl.GoodsImpl] : D:\assets\goods\img\795680645220139008.jpg
[2021/01/04-15:51:17] [http-nio-2020-exec-6] [INFO ] [com.kennen.schoolairdrop.im.service.impl.GoodsImpl] : id为1146的物品已删除
[2021/01/04-15:51:17] [http-nio-2020-exec-3] [INFO ] [com.kennen.schoolairdrop.im.service.impl.GoodsImpl] : 在售物品获取成功
[2021/01/04-15:51:18] [http-nio-2020-exec-8] [INFO ] [com.kennen.schoolairdrop.im.service.impl.GoodsImpl] : 物品详情获取成功
[2021/01/04-15:51:21] [http-nio-2020-exec-9] [INFO ] [com.kennen.schoolairdrop.im.service.impl.GoodsImpl] : D:\assets\goods\img\795661024836452352.jpg
[2021/01/04-15:51:21] [http-nio-2020-exec-9] [INFO ] [com.kennen.schoolairdrop.im.service.impl.GoodsImpl] : D:\assets\goods\img\795661024844840960.jpg
[2021/01/04-15:51:21] [http-nio-2020-exec-9] [INFO ] [com.kennen.schoolairdrop.im.service.impl.GoodsImpl] : D:\assets\goods\img\795661024853229568.jpg
[2021/01/04-15:51:21] [http-nio-2020-exec-9] [INFO ] [com.kennen.schoolairdrop.im.service.impl.GoodsImpl] : D:\assets\goods\img\795661024857423872.jpg
[2021/01/04-15:51:21] [http-nio-2020-exec-9] [INFO ] [com.kennen.schoolairdrop.im.service.impl.GoodsImpl] : id为1144的物品已删除
[2021/01/04-15:51:21] [http-nio-2020-exec-10] [INFO ] [com.kennen.schoolairdrop.im.service.impl.GoodsImpl] : 在售物品获取成功
[2021/01/04-15:51:21] [http-nio-2020-exec-1] [INFO ] [com.kennen.schoolairdrop.im.service.impl.GoodsImpl] : 在售物品获取成功
[2021/01/04-15:51:21] [http-nio-2020-exec-2] [INFO ] [com.kennen.schoolairdrop.im.service.impl.GoodsImpl] : 在售物品获取成功
[2021/01/04-15:57:59] [main] [INFO ] [com.kennen.schoolairdrop.im.IMApplication] : Starting IMApplication on K-Laptop with PID 15832 (D:\hkn\MobileIMSDK-5.0.3\sdk_src\Server\SchoolAirDropIM\target\classes started by kennen in D:\hkn\MobileIMSDK-5.0.3\sdk_src\Server\SchoolAirDropIM)
[2021/01/04-15:57:59] [main] [INFO ] [com.kennen.schoolairdrop.im.IMApplication] : No active profile set, falling back to default profiles: default
[2021/01/04-15:58:03] [main] [INFO ] [com.kennen.schoolairdrop.im.IMApplication] : Started IMApplication in 3.902 seconds (JVM running for 4.536)
[2021/01/04-15:58:11] [http-nio-2020-exec-2] [INFO ] [com.kennen.schoolairdrop.im.service.impl.GoodsImpl] : 搜索到0个相似物品
[2021/01/04-15:58:27] [http-nio-2020-exec-1] [INFO ] [com.kennen.schoolairdrop.im.service.impl.GoodsImpl] : 搜索到2个相似物品
[2021/01/04-15:59:10] [http-nio-2020-exec-3] [INFO ] [com.kennen.schoolairdrop.im.service.impl.GoodsImpl] : 物品获取成功
[2021/01/04-15:59:20] [http-nio-2020-exec-4] [INFO ] [com.kennen.schoolairdrop.im.service.impl.GoodsImpl] : 搜索到5个相似物品
[2021/01/04-16:19:01] [http-nio-2020-exec-10] [INFO ] [com.kennen.schoolairdrop.im.service.impl.GoodsImpl] : 物品详情获取成功
[2021/01/04-16:19:48] [http-nio-2020-exec-7] [INFO ] [com.kennen.schoolairdrop.im.service.impl.GoodsImpl] : 物品详情获取成功
[2021/01/04-17:25:56] [http-nio-2020-exec-4] [INFO ] [com.kennen.schoolairdrop.im.service.impl.GoodsImpl] : 物品获取成功
[2021/01/04-17:26:22] [main] [INFO ] [com.kennen.schoolairdrop.im.IMApplication] : Starting IMApplication on K-Laptop with PID 5384 (D:\hkn\MobileIMSDK-5.0.3\sdk_src\Server\SchoolAirDropIM\target\classes started by kennen in D:\hkn\MobileIMSDK-5.0.3\sdk_src\Server\SchoolAirDropIM)
[2021/01/04-17:26:22] [main] [INFO ] [com.kennen.schoolairdrop.im.IMApplication] : No active profile set, falling back to default profiles: default
[2021/01/04-17:26:26] [main] [INFO ] [com.kennen.schoolairdrop.im.IMApplication] : Started IMApplication in 4.201 seconds (JVM running for 4.862)
[2021/01/04-17:28:14] [http-nio-2020-exec-3] [INFO ] [com.kennen.schoolairdrop.im.service.impl.GoodsImpl] : 物品获取成功
[2021/01/04-17:40:48] [http-nio-2020-exec-7] [INFO ] [com.kennen.schoolairdrop.im.service.impl.GoodsImpl] : 物品添加成功
[2021/01/04-17:40:54] [http-nio-2020-exec-8] [INFO ] [com.kennen.schoolairdrop.im.service.impl.GoodsImpl] : 物品获取成功
[2021/01/04-17:40:58] [http-nio-2020-exec-10] [INFO ] [com.kennen.schoolairdrop.im.service.impl.GoodsImpl] : 搜索到4个相似物品
[2021/01/04-17:40:59] [http-nio-2020-exec-3] [INFO ] [com.kennen.schoolairdrop.im.service.impl.GoodsImpl] : 物品详情获取成功
[2021/01/04-17:41:03] [http-nio-2020-exec-6] [INFO ] [com.kennen.schoolairdrop.im.service.impl.GoodsImpl] : 物品详情获取成功
[2021/01/04-17:41:05] [http-nio-2020-exec-4] [INFO ] [com.kennen.schoolairdrop.im.service.impl.GoodsImpl] : 在售物品获取成功
[2021/01/04-17:41:08] [http-nio-2020-exec-5] [INFO ] [com.kennen.schoolairdrop.im.service.impl.GoodsImpl] : D:\assets\goods\img\795708325491638272.jpg
[2021/01/04-17:41:08] [http-nio-2020-exec-5] [INFO ] [com.kennen.schoolairdrop.im.service.impl.GoodsImpl] : D:\assets\goods\img\795708325504221184.jpg
[2021/01/04-17:41:08] [http-nio-2020-exec-5] [INFO ] [com.kennen.schoolairdrop.im.service.impl.GoodsImpl] : D:\assets\goods\img\795708325512609792.jpg
[2021/01/04-17:41:08] [http-nio-2020-exec-5] [INFO ] [com.kennen.schoolairdrop.im.service.impl.GoodsImpl] : id为1147的物品已删除
[2021/01/04-17:41:08] [http-nio-2020-exec-7] [INFO ] [com.kennen.schoolairdrop.im.service.impl.GoodsImpl] : 在售物品获取成功
[2021/01/04-17:41:29] [http-nio-2020-exec-8] [INFO ] [com.kennen.schoolairdrop.im.service.impl.UserImpl] : 用户名更新成功 -- > kennen
[2021/01/04-17:41:46] [http-nio-2020-exec-3] [INFO ] [com.kennen.schoolairdrop.im.service.impl.UserImpl] : 头像更新成功
[2021/01/04-22:38:54] [main] [INFO ] [com.kennen.schoolairdrop.im.IMApplication] : Starting IMApplication on K-Laptop with PID 12184 (D:\hkn\MobileIMSDK-5.0.3\sdk_src\Server\SchoolAirDropIM\target\classes started by kennen in D:\hkn\MobileIMSDK-5.0.3\sdk_src\Server\SchoolAirDropIM)
[2021/01/04-22:38:54] [main] [INFO ] [com.kennen.schoolairdrop.im.IMApplication] : No active profile set, falling back to default profiles: default
[2021/01/04-22:39:19] [main] [INFO ] [com.kennen.schoolairdrop.im.IMApplication] : Starting IMApplication on K-Laptop with PID 2820 (D:\hkn\MobileIMSDK-5.0.3\sdk_src\Server\SchoolAirDropIM\target\classes started by kennen in D:\hkn\MobileIMSDK-5.0.3\sdk_src\Server\SchoolAirDropIM)
[2021/01/04-22:39:19] [main] [INFO ] [com.kennen.schoolairdrop.im.IMApplication] : No active profile set, falling back to default profiles: default
[2021/01/04-22:40:13] [main] [INFO ] [com.kennen.schoolairdrop.im.IMApplication] : Starting IMApplication on K-Laptop with PID 19488 (D:\hkn\MobileIMSDK-5.0.3\sdk_src\Server\SchoolAirDropIM\target\classes started by kennen in D:\hkn\MobileIMSDK-5.0.3\sdk_src\Server\SchoolAirDropIM)
[2021/01/04-22:40:13] [main] [INFO ] [com.kennen.schoolairdrop.im.IMApplication] : No active profile set, falling back to default profiles: default
[2021/01/04-22:40:17] [main] [INFO ] [com.kennen.schoolairdrop.im.IMApplication] : Started IMApplication in 4.207 seconds (JVM running for 4.892)
[2021/01/04-22:40:33] [http-nio-2020-exec-1] [INFO ] [com.kennen.schoolairdrop.im.service.impl.GoodsImpl] : 物品添加成功
[2021/01/04-22:43:34] [http-nio-2020-exec-2] [INFO ] [com.kennen.schoolairdrop.im.service.impl.GoodsImpl] : 物品获取成功
[2021/01/04-22:43:52] [http-nio-2020-exec-6] [INFO ] [com.kennen.schoolairdrop.im.service.impl.GoodsImpl] : 物品详情获取成功
[2021/01/04-22:45:25] [http-nio-2020-exec-2] [INFO ] [com.kennen.schoolairdrop.im.service.impl.GoodsImpl] : 在售物品获取成功
[2021/01/04-22:45:58] [http-nio-2020-exec-4] [INFO ] [com.kennen.schoolairdrop.im.service.impl.GoodsImpl] : D:\assets\goods\img\795783759382183936.jpg
[2021/01/04-22:45:58] [http-nio-2020-exec-4] [INFO ] [com.kennen.schoolairdrop.im.service.impl.GoodsImpl] : D:\assets\goods\img\795783759398961152.jpg
[2021/01/04-22:45:58] [http-nio-2020-exec-4] [INFO ] [com.kennen.schoolairdrop.im.service.impl.GoodsImpl] : D:\assets\goods\img\795783759403155456.jpg
[2021/01/04-22:45:58] [http-nio-2020-exec-4] [INFO ] [com.kennen.schoolairdrop.im.service.impl.GoodsImpl] : D:\assets\goods\img\795783759407349760.jpg
[2021/01/04-22:45:58] [http-nio-2020-exec-4] [INFO ] [com.kennen.schoolairdrop.im.service.impl.GoodsImpl] : id为1148的物品已删除
[2021/01/04-22:45:58] [http-nio-2020-exec-6] [INFO ] [com.kennen.schoolairdrop.im.service.impl.GoodsImpl] : 在售物品获取成功
[2021/01/04-22:47:16] [http-nio-2020-exec-8] [INFO ] [com.kennen.schoolairdrop.im.service.impl.UserImpl] : 头像更新成功
