[2021/01/27-16:58:33] [main] [INFO ] [com.kennen.schoolairdrop.im.IMApplication] : Starting IMApplication on K-Laptop with PID 16192 (D:\hkn\MobileIMSDK-5.0.3\sdk_src\Server\SchoolAirDropIM\target\classes started by kennen in D:\hkn\MobileIMSDK-5.0.3\sdk_src\Server\SchoolAirDropIM)
[2021/01/27-16:58:33] [main] [INFO ] [com.kennen.schoolairdrop.im.IMApplication] : No active profile set, falling back to default profiles: default
[2021/01/27-16:58:37] [main] [INFO ] [com.kennen.schoolairdrop.im.IMApplication] : Started IMApplication in 4.543 seconds (JVM running for 5.235)
[2021/01/27-17:01:28] [nioEventLoopGroup-7-5] [INFO ] [com.kennen.schoolairdrop.im.service.impl.OfflineImpl] : 离线消息已存储 hahhaha呵呵呵呵呵嘿嘿嘿嘿和
[2021/01/27-17:02:05] [nioEventLoopGroup-7-5] [INFO ] [com.kennen.schoolairdrop.im.service.impl.OfflineImpl] : 离线消息已存储 呼呼呼呼呼呼哦哦哦哦哦哦嚯嚯嚯嚯嚯
[2021/01/27-17:02:27] [nioEventLoopGroup-7-5] [INFO ] [com.kennen.schoolairdrop.im.service.impl.OfflineImpl] : 离线消息已存储 嘻嘻嘻嘻咦翼咦咦
[2021/01/27-17:02:37] [nioEventLoopGroup-7-5] [INFO ] [com.kennen.schoolairdrop.im.service.impl.OfflineImpl] : 离线消息已存储 再试一遍
[2021/01/27-17:03:20] [nioEventLoopGroup-7-6] [INFO ] [com.kennen.schoolairdrop.im.service.impl.OfflineImpl] : 离线消息已存储 我是测我是测试测试啊老师大家好卡时间里卡上的
[2021/01/27-17:03:26] [nioEventLoopGroup-7-6] [INFO ] [com.kennen.schoolairdrop.im.service.impl.OfflineImpl] : 离线消息已存储 为什么打击啊健康撒大家拉萨空间领导卡上的
[2021/01/27-17:04:08] [nioEventLoopGroup-7-7] [INFO ] [com.kennen.schoolairdrop.im.service.impl.OfflineImpl] : 离线消息已存储 阿斯大十大上的阿斯顿阿斯顿阿斯顿阿斯顿观点风格电饭锅
[2021/01/27-17:04:20] [nioEventLoopGroup-7-7] [INFO ] [com.kennen.schoolairdrop.im.service.impl.OfflineImpl] : 离线消息已存储 这个东西哦怎么卖
[2021/01/27-20:00:32] [main] [INFO ] [com.kennen.schoolairdrop.im.IMApplication] : Starting IMApplication on K-Laptop with PID 7152 (D:\hkn\MobileIMSDK-5.0.3\sdk_src\Server\SchoolAirDropIM\target\classes started by kennen in D:\hkn\MobileIMSDK-5.0.3\sdk_src\Server\SchoolAirDropIM)
[2021/01/27-20:00:32] [main] [INFO ] [com.kennen.schoolairdrop.im.IMApplication] : No active profile set, falling back to default profiles: default
[2021/01/27-20:00:36] [main] [INFO ] [com.kennen.schoolairdrop.im.IMApplication] : Started IMApplication in 4.113 seconds (JVM running for 4.783)
[2021/01/27-20:04:20] [main] [INFO ] [com.kennen.schoolairdrop.im.IMApplication] : Starting IMApplication on K-Laptop with PID 10712 (D:\hkn\MobileIMSDK-5.0.3\sdk_src\Server\SchoolAirDropIM\target\classes started by kennen in D:\hkn\MobileIMSDK-5.0.3\sdk_src\Server\SchoolAirDropIM)
[2021/01/27-20:04:20] [main] [INFO ] [com.kennen.schoolairdrop.im.IMApplication] : No active profile set, falling back to default profiles: default
[2021/01/27-20:04:23] [main] [INFO ] [com.kennen.schoolairdrop.im.IMApplication] : Started IMApplication in 4.033 seconds (JVM running for 4.651)
[2021/01/27-20:06:45] [main] [INFO ] [com.kennen.schoolairdrop.im.IMApplication] : Starting IMApplication on K-Laptop with PID 11448 (D:\hkn\MobileIMSDK-5.0.3\sdk_src\Server\SchoolAirDropIM\target\classes started by kennen in D:\hkn\MobileIMSDK-5.0.3\sdk_src\Server\SchoolAirDropIM)
[2021/01/27-20:06:45] [main] [INFO ] [com.kennen.schoolairdrop.im.IMApplication] : No active profile set, falling back to default profiles: default
[2021/01/27-20:06:48] [main] [INFO ] [com.kennen.schoolairdrop.im.IMApplication] : Started IMApplication in 4.011 seconds (JVM running for 4.629)
[2021/01/27-20:07:15] [main] [INFO ] [com.kennen.schoolairdrop.im.IMApplication] : Starting IMApplication on K-Laptop with PID 9032 (D:\hkn\MobileIMSDK-5.0.3\sdk_src\Server\SchoolAirDropIM\target\classes started by kennen in D:\hkn\MobileIMSDK-5.0.3\sdk_src\Server\SchoolAirDropIM)
[2021/01/27-20:07:15] [main] [INFO ] [com.kennen.schoolairdrop.im.IMApplication] : No active profile set, falling back to default profiles: default
[2021/01/27-20:07:18] [main] [INFO ] [com.kennen.schoolairdrop.im.IMApplication] : Started IMApplication in 3.757 seconds (JVM running for 4.333)
[2021/01/27-20:39:48] [main] [INFO ] [com.kennen.schoolairdrop.im.IMApplication] : Starting IMApplication on K-Laptop with PID 14312 (D:\hkn\MobileIMSDK-5.0.3\sdk_src\Server\SchoolAirDropIM\target\classes started by kennen in D:\hkn\MobileIMSDK-5.0.3\sdk_src\Server\SchoolAirDropIM)
[2021/01/27-20:39:48] [main] [INFO ] [com.kennen.schoolairdrop.im.IMApplication] : No active profile set, falling back to default profiles: default
[2021/01/27-20:39:51] [main] [INFO ] [com.kennen.schoolairdrop.im.IMApplication] : Started IMApplication in 3.786 seconds (JVM running for 4.453)
[2021/01/27-20:41:55] [main] [INFO ] [com.kennen.schoolairdrop.im.IMApplication] : Starting IMApplication on K-Laptop with PID 7728 (D:\hkn\MobileIMSDK-5.0.3\sdk_src\Server\SchoolAirDropIM\target\classes started by kennen in D:\hkn\MobileIMSDK-5.0.3\sdk_src\Server\SchoolAirDropIM)
[2021/01/27-20:41:55] [main] [INFO ] [com.kennen.schoolairdrop.im.IMApplication] : No active profile set, falling back to default profiles: default
[2021/01/27-20:41:58] [main] [INFO ] [com.kennen.schoolairdrop.im.IMApplication] : Started IMApplication in 3.875 seconds (JVM running for 4.501)
[2021/01/27-20:42:15] [http-nio-2020-exec-2] [INFO ] [com.kennen.schoolairdrop.im.service.impl.OfflineImpl] : com.kennen.schoolairdrop.im.pojo.OfflineFromAll@6af4e887
[2021/01/27-20:44:19] [main] [INFO ] [com.kennen.schoolairdrop.im.IMApplication] : Starting IMApplication on K-Laptop with PID 4880 (D:\hkn\MobileIMSDK-5.0.3\sdk_src\Server\SchoolAirDropIM\target\classes started by kennen in D:\hkn\MobileIMSDK-5.0.3\sdk_src\Server\SchoolAirDropIM)
[2021/01/27-20:44:19] [main] [INFO ] [com.kennen.schoolairdrop.im.IMApplication] : No active profile set, falling back to default profiles: default
[2021/01/27-20:44:22] [main] [INFO ] [com.kennen.schoolairdrop.im.IMApplication] : Started IMApplication in 3.84 seconds (JVM running for 4.436)
[2021/01/27-20:44:33] [http-nio-2020-exec-2] [INFO ] [com.kennen.schoolairdrop.im.service.impl.OfflineImpl] : 回家啊开始看到五十三阿斯房间里开始劳动法看看发生领导电视卡。，上的方面，地方士大夫上的
[2021/01/27-20:47:56] [main] [INFO ] [com.kennen.schoolairdrop.im.IMApplication] : Starting IMApplication on K-Laptop with PID 14144 (D:\hkn\MobileIMSDK-5.0.3\sdk_src\Server\SchoolAirDropIM\target\classes started by kennen in D:\hkn\MobileIMSDK-5.0.3\sdk_src\Server\SchoolAirDropIM)
[2021/01/27-20:47:56] [main] [INFO ] [com.kennen.schoolairdrop.im.IMApplication] : No active profile set, falling back to default profiles: default
[2021/01/27-20:48:00] [main] [INFO ] [com.kennen.schoolairdrop.im.IMApplication] : Started IMApplication in 4.03 seconds (JVM running for 4.671)
[2021/01/27-20:48:05] [http-nio-2020-exec-2] [INFO ] [com.kennen.schoolairdrop.im.service.impl.OfflineImpl] : 回家啊开始看到五十三阿斯房间里开始劳动法看看发生领导电视卡。，上的方面，地方士大夫上的
[2021/01/27-20:48:08] [http-nio-2020-exec-3] [INFO ] [com.kennen.schoolairdrop.im.service.impl.OfflineImpl] : 回家啊开始看到五十三阿斯房间里开始劳动法看看发生领导电视卡。，上的方面，地方士大夫上的
[2021/01/27-20:49:43] [main] [INFO ] [com.kennen.schoolairdrop.im.IMApplication] : Starting IMApplication on K-Laptop with PID 6952 (D:\hkn\MobileIMSDK-5.0.3\sdk_src\Server\SchoolAirDropIM\target\classes started by kennen in D:\hkn\MobileIMSDK-5.0.3\sdk_src\Server\SchoolAirDropIM)
[2021/01/27-20:49:43] [main] [INFO ] [com.kennen.schoolairdrop.im.IMApplication] : No active profile set, falling back to default profiles: default
[2021/01/27-20:49:47] [main] [INFO ] [com.kennen.schoolairdrop.im.IMApplication] : Started IMApplication in 3.77 seconds (JVM running for 4.368)
[2021/01/27-20:49:57] [http-nio-2020-exec-2] [INFO ] [com.kennen.schoolairdrop.im.service.impl.OfflineImpl] : 呼呼呼呼呼呼哦哦哦哦哦哦嚯嚯嚯嚯嚯
[2021/01/27-20:53:39] [http-nio-2020-exec-5] [INFO ] [com.kennen.schoolairdrop.im.service.impl.OfflineImpl] : 呼呼呼呼呼呼哦哦哦哦哦哦嚯嚯嚯嚯嚯
[2021/01/27-20:54:20] [main] [INFO ] [com.kennen.schoolairdrop.im.IMApplication] : Starting IMApplication on K-Laptop with PID 18268 (D:\hkn\MobileIMSDK-5.0.3\sdk_src\Server\SchoolAirDropIM\target\classes started by kennen in D:\hkn\MobileIMSDK-5.0.3\sdk_src\Server\SchoolAirDropIM)
[2021/01/27-20:54:20] [main] [INFO ] [com.kennen.schoolairdrop.im.IMApplication] : No active profile set, falling back to default profiles: default
[2021/01/27-20:54:23] [main] [INFO ] [com.kennen.schoolairdrop.im.IMApplication] : Started IMApplication in 3.995 seconds (JVM running for 4.601)
[2021/01/27-20:55:49] [main] [INFO ] [com.kennen.schoolairdrop.im.IMApplication] : Starting IMApplication on K-Laptop with PID 11524 (D:\hkn\MobileIMSDK-5.0.3\sdk_src\Server\SchoolAirDropIM\target\classes started by kennen in D:\hkn\MobileIMSDK-5.0.3\sdk_src\Server\SchoolAirDropIM)
[2021/01/27-20:55:49] [main] [INFO ] [com.kennen.schoolairdrop.im.IMApplication] : No active profile set, falling back to default profiles: default
[2021/01/27-20:55:52] [main] [INFO ] [com.kennen.schoolairdrop.im.IMApplication] : Started IMApplication in 3.768 seconds (JVM running for 4.379)
[2021/01/27-22:06:12] [main] [INFO ] [com.kennen.schoolairdrop.im.IMApplication] : Starting IMApplication on K-Laptop with PID 1936 (D:\hkn\MobileIMSDK-5.0.3\sdk_src\Server\SchoolAirDropIM\target\classes started by kennen in D:\hkn\MobileIMSDK-5.0.3\sdk_src\Server\SchoolAirDropIM)
[2021/01/27-22:06:12] [main] [INFO ] [com.kennen.schoolairdrop.im.IMApplication] : No active profile set, falling back to default profiles: default
[2021/01/27-22:06:16] [main] [INFO ] [com.kennen.schoolairdrop.im.IMApplication] : Started IMApplication in 4.16 seconds (JVM running for 4.81)
[2021/01/27-22:26:07] [main] [INFO ] [com.kennen.schoolairdrop.im.IMApplication] : Starting IMApplication on K-Laptop with PID 17516 (D:\hkn\MobileIMSDK-5.0.3\sdk_src\Server\SchoolAirDropIM\target\classes started by kennen in D:\hkn\MobileIMSDK-5.0.3\sdk_src\Server\SchoolAirDropIM)
[2021/01/27-22:26:07] [main] [INFO ] [com.kennen.schoolairdrop.im.IMApplication] : No active profile set, falling back to default profiles: default
[2021/01/27-22:26:10] [main] [INFO ] [com.kennen.schoolairdrop.im.IMApplication] : Started IMApplication in 3.922 seconds (JVM running for 4.556)
