[2021/01/06-13:31:03] [main] [INFO ] [com.kennen.schoolairdrop.im.IMApplication] : Starting IMApplication on K-Laptop with PID 11284 (D:\hkn\MobileIMSDK-5.0.3\sdk_src\Server\SchoolAirDropIM\target\classes started by kennen in D:\hkn\MobileIMSDK-5.0.3\sdk_src\Server\SchoolAirDropIM)
[2021/01/06-13:31:03] [main] [INFO ] [com.kennen.schoolairdrop.im.IMApplication] : No active profile set, falling back to default profiles: default
[2021/01/06-13:31:09] [main] [INFO ] [com.kennen.schoolairdrop.im.IMApplication] : Started IMApplication in 7.441 seconds (JVM running for 8.656)
[2021/01/06-13:31:22] [http-nio-2020-exec-1] [INFO ] [com.kennen.schoolairdrop.im.service.impl.GoodsImpl] : D:\assets\goods\img\3ZwWQcuVEyXITnKH_0.jpg
[2021/01/06-13:31:22] [http-nio-2020-exec-1] [INFO ] [com.kennen.schoolairdrop.im.service.impl.GoodsImpl] : D:\assets\goods\img\3ZwWQcuVEyXITnKH_1.jpg
[2021/01/06-13:31:22] [http-nio-2020-exec-4] [INFO ] [com.kennen.schoolairdrop.im.service.impl.GoodsImpl] : 在售物品获取成功
[2021/01/06-13:31:22] [http-nio-2020-exec-1] [INFO ] [com.kennen.schoolairdrop.im.service.impl.GoodsImpl] : id为1127的物品已删除
[2021/01/06-13:31:26] [http-nio-2020-exec-3] [INFO ] [com.kennen.schoolairdrop.im.service.impl.GoodsImpl] : 在售物品获取成功
[2021/01/06-14:20:24] [main] [INFO ] [com.kennen.schoolairdrop.im.IMApplication] : Starting IMApplication on K-Laptop with PID 300 (D:\hkn\MobileIMSDK-5.0.3\sdk_src\Server\SchoolAirDropIM\target\classes started by kennen in D:\hkn\MobileIMSDK-5.0.3\sdk_src\Server\SchoolAirDropIM)
[2021/01/06-14:20:24] [main] [INFO ] [com.kennen.schoolairdrop.im.IMApplication] : No active profile set, falling back to default profiles: default
[2021/01/06-14:20:29] [main] [INFO ] [com.kennen.schoolairdrop.im.IMApplication] : Started IMApplication in 5.744 seconds (JVM running for 6.778)
[2021/01/06-14:21:01] [http-nio-2020-exec-1] [INFO ] [com.kennen.schoolairdrop.im.service.impl.GoodsImpl] : 物品添加成功
[2021/01/06-14:21:05] [http-nio-2020-exec-2] [INFO ] [com.kennen.schoolairdrop.im.service.impl.GoodsImpl] : 在售物品获取成功
[2021/01/06-14:21:10] [http-nio-2020-exec-4] [INFO ] [com.kennen.schoolairdrop.im.service.impl.GoodsImpl] : D:\assets\goods\img\796382822645366784.jpg
[2021/01/06-14:21:10] [http-nio-2020-exec-4] [INFO ] [com.kennen.schoolairdrop.im.service.impl.GoodsImpl] : D:\assets\goods\img\796382822662144000.jpg
[2021/01/06-14:21:10] [http-nio-2020-exec-4] [INFO ] [com.kennen.schoolairdrop.im.service.impl.GoodsImpl] : id为1155的物品已删除
[2021/01/06-14:21:10] [http-nio-2020-exec-5] [INFO ] [com.kennen.schoolairdrop.im.service.impl.GoodsImpl] : 在售物品获取成功
[2021/01/06-14:21:36] [http-nio-2020-exec-6] [INFO ] [com.kennen.schoolairdrop.im.service.impl.UserImpl] : 用户名更新成功 -- > kennenx
[2021/01/06-14:21:49] [http-nio-2020-exec-7] [INFO ] [com.kennen.schoolairdrop.im.service.impl.UserImpl] : 头像更新成功
[2021/01/06-15:00:24] [main] [INFO ] [com.kennen.schoolairdrop.im.IMApplication] : Starting IMApplication on K-Laptop with PID 20716 (D:\hkn\MobileIMSDK-5.0.3\sdk_src\Server\SchoolAirDropIM\target\classes started by kennen in D:\hkn\MobileIMSDK-5.0.3\sdk_src\Server\SchoolAirDropIM)
[2021/01/06-15:00:24] [main] [INFO ] [com.kennen.schoolairdrop.im.IMApplication] : No active profile set, falling back to default profiles: default
[2021/01/06-15:00:29] [main] [INFO ] [com.kennen.schoolairdrop.im.IMApplication] : Started IMApplication in 5.534 seconds (JVM running for 6.526)
[2021/01/06-15:00:53] [http-nio-2020-exec-1] [INFO ] [com.kennen.schoolairdrop.im.service.impl.GoodsImpl] : 物品获取成功
[2021/01/06-15:01:35] [http-nio-2020-exec-2] [INFO ] [com.kennen.schoolairdrop.im.service.impl.GoodsImpl] : 物品添加成功
[2021/01/06-15:01:46] [http-nio-2020-exec-4] [INFO ] [com.kennen.schoolairdrop.im.service.impl.GoodsImpl] : 物品获取成功
[2021/01/06-15:01:47] [http-nio-2020-exec-10] [INFO ] [com.kennen.schoolairdrop.im.service.impl.GoodsImpl] : 物品详情获取成功
[2021/01/06-15:01:56] [http-nio-2020-exec-9] [INFO ] [com.kennen.schoolairdrop.im.service.impl.GoodsImpl] : 在售物品获取成功
[2021/01/06-15:02:08] [http-nio-2020-exec-5] [INFO ] [com.kennen.schoolairdrop.im.service.impl.GoodsImpl] : 物品详情获取成功
[2021/01/06-15:02:28] [http-nio-2020-exec-1] [INFO ] [com.kennen.schoolairdrop.im.service.impl.GoodsImpl] : 在售物品获取成功
[2021/01/06-15:02:31] [http-nio-2020-exec-2] [INFO ] [com.kennen.schoolairdrop.im.service.impl.GoodsImpl] : D:\assets\goods\img\796393033133195264.jpg
[2021/01/06-15:02:31] [http-nio-2020-exec-2] [INFO ] [com.kennen.schoolairdrop.im.service.impl.GoodsImpl] : D:\assets\goods\img\796393033154166784.jpg
[2021/01/06-15:02:31] [http-nio-2020-exec-2] [INFO ] [com.kennen.schoolairdrop.im.service.impl.GoodsImpl] : D:\assets\goods\img\796393033166749696.jpg
[2021/01/06-15:02:31] [http-nio-2020-exec-2] [INFO ] [com.kennen.schoolairdrop.im.service.impl.GoodsImpl] : D:\assets\goods\img\796393033183526912.jpg
[2021/01/06-15:02:31] [http-nio-2020-exec-2] [INFO ] [com.kennen.schoolairdrop.im.service.impl.GoodsImpl] : id为1156的物品已删除
[2021/01/06-15:02:31] [http-nio-2020-exec-4] [INFO ] [com.kennen.schoolairdrop.im.service.impl.GoodsImpl] : 在售物品获取成功
[2021/01/06-15:05:35] [http-nio-2020-exec-9] [INFO ] [com.kennen.schoolairdrop.im.service.impl.GoodsImpl] : 物品获取成功
[2021/01/06-15:06:17] [http-nio-2020-exec-5] [INFO ] [com.kennen.schoolairdrop.im.service.impl.UserImpl] : 头像更新成功
[2021/01/06-15:06:47] [http-nio-2020-exec-4] [INFO ] [com.kennen.schoolairdrop.im.service.impl.UserImpl] : 头像更新成功
