[2020/12/29-00:33:41] [main] [INFO ] [com.kennen.schoolairdrop.im.IMApplication] : Starting IMApplication on K-Laptop with PID 30204 (D:\hkn\MobileIMSDK-5.0.3\sdk_src\Server\SchoolAirDropIM\target\classes started by kennen in D:\hkn\MobileIMSDK-5.0.3\sdk_src\Server\SchoolAirDropIM)
[2020/12/29-00:33:41] [main] [INFO ] [com.kennen.schoolairdrop.im.IMApplication] : No active profile set, falling back to default profiles: default
[2020/12/29-00:33:44] [main] [INFO ] [com.kennen.schoolairdrop.im.IMApplication] : Started IMApplication in 4.072 seconds (JVM running for 4.97)
[2020/12/29-11:26:49] [main] [INFO ] [com.kennen.schoolairdrop.im.IMApplication] : Starting IMApplication on K-Laptop with PID 23256 (D:\hkn\MobileIMSDK-5.0.3\sdk_src\Server\SchoolAirDropIM\target\classes started by kennen in D:\hkn\MobileIMSDK-5.0.3\sdk_src\Server\SchoolAirDropIM)
[2020/12/29-11:26:49] [main] [INFO ] [com.kennen.schoolairdrop.im.IMApplication] : No active profile set, falling back to default profiles: default
[2020/12/29-11:26:53] [main] [INFO ] [com.kennen.schoolairdrop.im.IMApplication] : Started IMApplication in 4.919 seconds (JVM running for 5.662)
[2020/12/29-11:36:09] [main] [INFO ] [com.kennen.schoolairdrop.im.IMApplication] : Starting IMApplication on K-Laptop with PID 27340 (D:\hkn\MobileIMSDK-5.0.3\sdk_src\Server\SchoolAirDropIM\target\classes started by kennen in D:\hkn\MobileIMSDK-5.0.3\sdk_src\Server\SchoolAirDropIM)
[2020/12/29-11:36:09] [main] [INFO ] [com.kennen.schoolairdrop.im.IMApplication] : No active profile set, falling back to default profiles: default
[2020/12/29-11:36:13] [main] [INFO ] [com.kennen.schoolairdrop.im.IMApplication] : Started IMApplication in 4.057 seconds (JVM running for 4.725)
[2020/12/29-11:36:37] [http-nio-2020-exec-1] [INFO ] [com.kennen.schoolairdrop.im.service.impl.GoodsImpl] : 物品获取成功
[2020/12/29-11:36:41] [http-nio-2020-exec-4] [INFO ] [com.kennen.schoolairdrop.im.service.impl.GoodsImpl] : 物品详情获取成功
[2020/12/29-11:40:09] [main] [INFO ] [com.kennen.schoolairdrop.im.IMApplication] : Starting IMApplication on K-Laptop with PID 28176 (D:\hkn\MobileIMSDK-5.0.3\sdk_src\Server\SchoolAirDropIM\target\classes started by kennen in D:\hkn\MobileIMSDK-5.0.3\sdk_src\Server\SchoolAirDropIM)
[2020/12/29-11:40:09] [main] [INFO ] [com.kennen.schoolairdrop.im.IMApplication] : No active profile set, falling back to default profiles: default
[2020/12/29-11:40:13] [main] [INFO ] [com.kennen.schoolairdrop.im.IMApplication] : Started IMApplication in 3.797 seconds (JVM running for 4.47)
[2020/12/29-11:40:26] [http-nio-2020-exec-2] [INFO ] [com.kennen.schoolairdrop.im.service.impl.GoodsImpl] : 物品详情获取成功
[2020/12/29-11:43:32] [http-nio-2020-exec-3] [INFO ] [com.kennen.schoolairdrop.im.service.impl.GoodsImpl] : 物品详情获取成功
[2020/12/29-11:47:18] [http-nio-2020-exec-5] [INFO ] [com.kennen.schoolairdrop.im.service.impl.GoodsImpl] : 物品获取成功
[2020/12/29-11:49:36] [http-nio-2020-exec-7] [INFO ] [com.kennen.schoolairdrop.im.service.impl.GoodsImpl] : 物品获取成功
[2020/12/29-11:53:14] [http-nio-2020-exec-9] [INFO ] [com.kennen.schoolairdrop.im.service.impl.GoodsImpl] : 物品获取成功
[2020/12/29-12:05:03] [http-nio-2020-exec-2] [INFO ] [com.kennen.schoolairdrop.im.service.impl.GoodsImpl] : 物品获取成功
[2020/12/29-12:06:25] [http-nio-2020-exec-3] [INFO ] [com.kennen.schoolairdrop.im.service.impl.GoodsImpl] : 物品获取成功
[2020/12/29-12:29:06] [main] [INFO ] [com.kennen.schoolairdrop.im.IMApplication] : Starting IMApplication on K-Laptop with PID 29700 (D:\hkn\MobileIMSDK-5.0.3\sdk_src\Server\SchoolAirDropIM\target\classes started by kennen in D:\hkn\MobileIMSDK-5.0.3\sdk_src\Server\SchoolAirDropIM)
[2020/12/29-12:29:06] [main] [INFO ] [com.kennen.schoolairdrop.im.IMApplication] : No active profile set, falling back to default profiles: default
[2020/12/29-12:29:10] [main] [INFO ] [com.kennen.schoolairdrop.im.IMApplication] : Started IMApplication in 4.308 seconds (JVM running for 4.984)
[2020/12/29-12:29:31] [http-nio-2020-exec-1] [INFO ] [com.kennen.schoolairdrop.im.service.impl.GoodsImpl] : 物品获取成功
[2020/12/29-12:31:06] [http-nio-2020-exec-2] [INFO ] [com.kennen.schoolairdrop.im.service.impl.GoodsImpl] : 物品获取成功
[2020/12/29-12:31:15] [http-nio-2020-exec-8] [INFO ] [com.kennen.schoolairdrop.im.service.impl.GoodsImpl] : 物品获取成功
[2020/12/29-12:31:15] [http-nio-2020-exec-6] [INFO ] [com.kennen.schoolairdrop.im.service.impl.GoodsImpl] : 物品获取成功
[2020/12/29-12:33:12] [http-nio-2020-exec-9] [INFO ] [com.kennen.schoolairdrop.im.service.impl.GoodsImpl] : 物品获取成功
[2020/12/29-12:33:22] [http-nio-2020-exec-10] [INFO ] [com.kennen.schoolairdrop.im.controller.GoodsController] : asd 213.0 1 1 asdasdasd
[2020/12/29-12:33:22] [http-nio-2020-exec-10] [INFO ] [com.kennen.schoolairdrop.im.controller.GoodsController] : 图片格式错误
[2020/12/29-12:35:25] [main] [INFO ] [com.kennen.schoolairdrop.im.IMApplication] : Starting IMApplication on K-Laptop with PID 15480 (D:\hkn\MobileIMSDK-5.0.3\sdk_src\Server\SchoolAirDropIM\target\classes started by kennen in D:\hkn\MobileIMSDK-5.0.3\sdk_src\Server\SchoolAirDropIM)
[2020/12/29-12:35:25] [main] [INFO ] [com.kennen.schoolairdrop.im.IMApplication] : No active profile set, falling back to default profiles: default
[2020/12/29-12:35:28] [main] [INFO ] [com.kennen.schoolairdrop.im.IMApplication] : Started IMApplication in 4.073 seconds (JVM running for 4.718)
[2020/12/29-12:35:32] [http-nio-2020-exec-1] [INFO ] [com.kennen.schoolairdrop.im.service.impl.GoodsImpl] : 添加物品成功
[2020/12/29-12:35:49] [http-nio-2020-exec-8] [INFO ] [com.kennen.schoolairdrop.im.service.impl.GoodsImpl] : 物品获取成功
[2020/12/29-12:40:38] [main] [INFO ] [com.kennen.schoolairdrop.im.IMApplication] : Starting IMApplication on K-Laptop with PID 24452 (D:\hkn\MobileIMSDK-5.0.3\sdk_src\Server\SchoolAirDropIM\target\classes started by kennen in D:\hkn\MobileIMSDK-5.0.3\sdk_src\Server\SchoolAirDropIM)
[2020/12/29-12:40:38] [main] [INFO ] [com.kennen.schoolairdrop.im.IMApplication] : No active profile set, falling back to default profiles: default
[2020/12/29-12:40:42] [main] [INFO ] [com.kennen.schoolairdrop.im.IMApplication] : Started IMApplication in 3.778 seconds (JVM running for 4.424)
[2020/12/29-12:41:18] [http-nio-2020-exec-1] [INFO ] [com.kennen.schoolairdrop.im.service.impl.GoodsImpl] : 物品获取成功
[2020/12/29-12:41:24] [http-nio-2020-exec-2] [INFO ] [com.kennen.schoolairdrop.im.service.impl.GoodsImpl] : 物品详情获取成功
[2020/12/29-12:53:23] [main] [INFO ] [com.kennen.schoolairdrop.im.IMApplication] : Starting IMApplication on K-Laptop with PID 7392 (D:\hkn\MobileIMSDK-5.0.3\sdk_src\Server\SchoolAirDropIM\target\classes started by kennen in D:\hkn\MobileIMSDK-5.0.3\sdk_src\Server\SchoolAirDropIM)
[2020/12/29-12:53:23] [main] [INFO ] [com.kennen.schoolairdrop.im.IMApplication] : No active profile set, falling back to default profiles: default
[2020/12/29-12:53:26] [main] [INFO ] [com.kennen.schoolairdrop.im.IMApplication] : Started IMApplication in 4.089 seconds (JVM running for 4.74)
[2020/12/29-12:53:47] [http-nio-2020-exec-1] [INFO ] [com.kennen.schoolairdrop.im.service.impl.GoodsImpl] : 物品获取成功
[2020/12/29-12:53:54] [http-nio-2020-exec-4] [INFO ] [com.kennen.schoolairdrop.im.service.impl.GoodsImpl] : 在售物品获取成功
[2020/12/29-13:07:47] [main] [INFO ] [com.kennen.schoolairdrop.im.IMApplication] : Starting IMApplication on K-Laptop with PID 22264 (D:\hkn\MobileIMSDK-5.0.3\sdk_src\Server\SchoolAirDropIM\target\classes started by kennen in D:\hkn\MobileIMSDK-5.0.3\sdk_src\Server\SchoolAirDropIM)
[2020/12/29-13:07:47] [main] [INFO ] [com.kennen.schoolairdrop.im.IMApplication] : No active profile set, falling back to default profiles: default
[2020/12/29-13:07:51] [main] [INFO ] [com.kennen.schoolairdrop.im.IMApplication] : Started IMApplication in 3.958 seconds (JVM running for 4.617)
[2020/12/29-13:08:20] [http-nio-2020-exec-1] [INFO ] [com.kennen.schoolairdrop.im.service.impl.GoodsImpl] : 物品获取成功
[2020/12/29-13:09:00] [http-nio-2020-exec-2] [INFO ] [com.kennen.schoolairdrop.im.service.impl.GoodsImpl] : 物品添加成功
[2020/12/29-13:09:25] [http-nio-2020-exec-5] [INFO ] [com.kennen.schoolairdrop.im.service.impl.GoodsImpl] : 物品获取成功
[2020/12/29-13:09:36] [http-nio-2020-exec-7] [INFO ] [com.kennen.schoolairdrop.im.service.impl.GoodsImpl] : 在售物品获取成功
[2020/12/29-13:10:36] [main] [INFO ] [com.kennen.schoolairdrop.im.IMApplication] : Starting IMApplication on K-Laptop with PID 27916 (D:\hkn\MobileIMSDK-5.0.3\sdk_src\Server\SchoolAirDropIM\target\classes started by kennen in D:\hkn\MobileIMSDK-5.0.3\sdk_src\Server\SchoolAirDropIM)
[2020/12/29-13:10:36] [main] [INFO ] [com.kennen.schoolairdrop.im.IMApplication] : No active profile set, falling back to default profiles: default
[2020/12/29-13:10:39] [main] [INFO ] [com.kennen.schoolairdrop.im.IMApplication] : Started IMApplication in 3.785 seconds (JVM running for 4.468)
[2020/12/29-13:10:43] [http-nio-2020-exec-1] [INFO ] [com.kennen.schoolairdrop.im.service.impl.GoodsImpl] : 在售物品获取成功
[2020/12/29-13:10:46] [http-nio-2020-exec-4] [INFO ] [com.kennen.schoolairdrop.im.service.impl.GoodsImpl] : D:\assets\goods\img\793457176503910400.jpg
[2020/12/29-13:10:46] [http-nio-2020-exec-4] [INFO ] [com.kennen.schoolairdrop.im.service.impl.GoodsImpl] : D:\assets\goods\img\793457176516493312.jpg
[2020/12/29-13:10:46] [http-nio-2020-exec-4] [INFO ] [com.kennen.schoolairdrop.im.service.impl.GoodsImpl] : D:\assets\goods\img\793457176520687616.jpg
[2020/12/29-13:10:46] [http-nio-2020-exec-4] [INFO ] [com.kennen.schoolairdrop.im.service.impl.GoodsImpl] : id为1133的物品已删除
[2020/12/29-13:10:46] [http-nio-2020-exec-3] [INFO ] [com.kennen.schoolairdrop.im.service.impl.GoodsImpl] : 在售物品获取成功
[2020/12/29-13:10:55] [http-nio-2020-exec-8] [INFO ] [com.kennen.schoolairdrop.im.service.impl.GoodsImpl] : 物品获取成功
[2020/12/29-13:12:49] [main] [INFO ] [com.kennen.schoolairdrop.im.IMApplication] : Starting IMApplication on K-Laptop with PID 4316 (D:\hkn\MobileIMSDK-5.0.3\sdk_src\Server\SchoolAirDropIM\target\classes started by kennen in D:\hkn\MobileIMSDK-5.0.3\sdk_src\Server\SchoolAirDropIM)
[2020/12/29-13:12:49] [main] [INFO ] [com.kennen.schoolairdrop.im.IMApplication] : No active profile set, falling back to default profiles: default
[2020/12/29-13:12:52] [main] [INFO ] [com.kennen.schoolairdrop.im.IMApplication] : Started IMApplication in 3.783 seconds (JVM running for 4.446)
[2020/12/29-13:13:15] [main] [INFO ] [com.kennen.schoolairdrop.im.IMApplication] : Starting IMApplication on K-Laptop with PID 29348 (D:\hkn\MobileIMSDK-5.0.3\sdk_src\Server\SchoolAirDropIM\target\classes started by kennen in D:\hkn\MobileIMSDK-5.0.3\sdk_src\Server\SchoolAirDropIM)
[2020/12/29-13:13:15] [main] [INFO ] [com.kennen.schoolairdrop.im.IMApplication] : No active profile set, falling back to default profiles: default
[2020/12/29-13:13:18] [main] [INFO ] [com.kennen.schoolairdrop.im.IMApplication] : Started IMApplication in 3.877 seconds (JVM running for 4.507)
[2020/12/29-13:18:45] [main] [INFO ] [com.kennen.schoolairdrop.im.IMApplication] : Starting IMApplication on K-Laptop with PID 17556 (D:\hkn\MobileIMSDK-5.0.3\sdk_src\Server\SchoolAirDropIM\target\classes started by kennen in D:\hkn\MobileIMSDK-5.0.3\sdk_src\Server\SchoolAirDropIM)
[2020/12/29-13:18:45] [main] [INFO ] [com.kennen.schoolairdrop.im.IMApplication] : No active profile set, falling back to default profiles: default
[2020/12/29-13:18:49] [main] [INFO ] [com.kennen.schoolairdrop.im.IMApplication] : Started IMApplication in 4.234 seconds (JVM running for 4.901)
[2020/12/29-13:23:13] [http-nio-2020-exec-1] [INFO ] [com.kennen.schoolairdrop.im.service.impl.GoodsImpl] : 物品获取成功
[2020/12/29-13:23:59] [http-nio-2020-exec-8] [INFO ] [com.kennen.schoolairdrop.im.service.impl.GoodsImpl] : 在售物品获取成功
[2020/12/29-13:24:01] [http-nio-2020-exec-5] [INFO ] [com.kennen.schoolairdrop.im.service.impl.GoodsImpl] : 物品详情获取成功
[2020/12/29-13:24:27] [http-nio-2020-exec-4] [INFO ] [com.kennen.schoolairdrop.im.service.impl.GoodsImpl] : 物品详情获取成功
[2020/12/29-13:32:16] [http-nio-2020-exec-2] [INFO ] [com.kennen.schoolairdrop.im.service.impl.GoodsImpl] : 物品获取成功
[2020/12/29-13:32:31] [http-nio-2020-exec-3] [INFO ] [com.kennen.schoolairdrop.im.service.impl.GoodsImpl] : 在售物品获取成功
[2020/12/29-13:32:34] [http-nio-2020-exec-10] [INFO ] [com.kennen.schoolairdrop.im.service.impl.GoodsImpl] : 物品详情获取成功
[2020/12/29-13:32:39] [http-nio-2020-exec-9] [INFO ] [com.kennen.schoolairdrop.im.service.impl.GoodsImpl] : 物品详情获取成功
[2020/12/29-13:43:04] [http-nio-2020-exec-5] [INFO ] [com.kennen.schoolairdrop.im.service.impl.GoodsImpl] : 物品获取成功
[2020/12/29-13:43:14] [http-nio-2020-exec-4] [INFO ] [com.kennen.schoolairdrop.im.service.impl.GoodsImpl] : 在售物品获取成功
[2020/12/29-13:43:17] [http-nio-2020-exec-7] [INFO ] [com.kennen.schoolairdrop.im.service.impl.GoodsImpl] : 物品详情获取成功
[2020/12/29-13:45:47] [http-nio-2020-exec-8] [INFO ] [com.kennen.schoolairdrop.im.service.impl.GoodsImpl] : 物品获取成功
[2020/12/29-13:45:59] [http-nio-2020-exec-5] [INFO ] [com.kennen.schoolairdrop.im.service.impl.GoodsImpl] : 在售物品获取成功
[2020/12/29-13:46:05] [http-nio-2020-exec-4] [INFO ] [com.kennen.schoolairdrop.im.service.impl.GoodsImpl] : 物品详情获取成功
[2020/12/29-13:46:26] [http-nio-2020-exec-2] [INFO ] [com.kennen.schoolairdrop.im.service.impl.GoodsImpl] : 在售物品获取成功
[2020/12/29-13:52:09] [http-nio-2020-exec-4] [INFO ] [com.kennen.schoolairdrop.im.service.impl.GoodsImpl] : 物品获取成功
[2020/12/29-13:52:13] [http-nio-2020-exec-7] [INFO ] [com.kennen.schoolairdrop.im.service.impl.GoodsImpl] : 在售物品获取成功
[2020/12/29-13:52:16] [http-nio-2020-exec-6] [INFO ] [com.kennen.schoolairdrop.im.service.impl.GoodsImpl] : 物品详情获取成功
[2020/12/29-13:52:31] [http-nio-2020-exec-10] [INFO ] [com.kennen.schoolairdrop.im.service.impl.GoodsImpl] : 在售物品获取成功
[2020/12/29-13:59:54] [http-nio-2020-exec-1] [INFO ] [com.kennen.schoolairdrop.im.service.impl.GoodsImpl] : 物品获取成功
[2020/12/29-14:00:03] [http-nio-2020-exec-8] [INFO ] [com.kennen.schoolairdrop.im.service.impl.GoodsImpl] : 在售物品获取成功
[2020/12/29-14:00:07] [http-nio-2020-exec-5] [INFO ] [com.kennen.schoolairdrop.im.service.impl.GoodsImpl] : 物品详情获取成功
[2020/12/29-14:00:16] [http-nio-2020-exec-6] [INFO ] [com.kennen.schoolairdrop.im.service.impl.GoodsImpl] : 在售物品获取成功
[2020/12/29-14:01:29] [main] [INFO ] [com.kennen.schoolairdrop.im.IMApplication] : Starting IMApplication on K-Laptop with PID 26956 (D:\hkn\MobileIMSDK-5.0.3\sdk_src\Server\SchoolAirDropIM\target\classes started by kennen in D:\hkn\MobileIMSDK-5.0.3\sdk_src\Server\SchoolAirDropIM)
[2020/12/29-14:01:29] [main] [INFO ] [com.kennen.schoolairdrop.im.IMApplication] : No active profile set, falling back to default profiles: default
[2020/12/29-14:01:33] [main] [INFO ] [com.kennen.schoolairdrop.im.IMApplication] : Started IMApplication in 4.316 seconds (JVM running for 5.063)
[2020/12/29-14:01:50] [http-nio-2020-exec-1] [INFO ] [com.kennen.schoolairdrop.im.service.impl.GoodsImpl] : 在售物品获取成功
[2020/12/29-14:01:54] [http-nio-2020-exec-2] [INFO ] [com.kennen.schoolairdrop.im.service.impl.GoodsImpl] : 物品详情获取成功
[2020/12/29-14:02:10] [http-nio-2020-exec-5] [INFO ] [com.kennen.schoolairdrop.im.service.impl.GoodsImpl] : 在售物品获取成功
[2020/12/29-14:28:01] [http-nio-2020-exec-1] [INFO ] [com.kennen.schoolairdrop.im.service.impl.GoodsImpl] : 物品获取成功
[2020/12/29-14:28:05] [http-nio-2020-exec-2] [INFO ] [com.kennen.schoolairdrop.im.service.impl.GoodsImpl] : 在售物品获取成功
[2020/12/29-14:28:07] [http-nio-2020-exec-3] [INFO ] [com.kennen.schoolairdrop.im.service.impl.GoodsImpl] : 物品详情获取成功
[2020/12/29-14:31:14] [http-nio-2020-exec-6] [INFO ] [com.kennen.schoolairdrop.im.service.impl.GoodsImpl] : 物品获取成功
[2020/12/29-14:31:20] [http-nio-2020-exec-7] [INFO ] [com.kennen.schoolairdrop.im.service.impl.GoodsImpl] : 在售物品获取成功
[2020/12/29-14:31:23] [http-nio-2020-exec-8] [INFO ] [com.kennen.schoolairdrop.im.service.impl.GoodsImpl] : 物品详情获取成功
[2020/12/29-14:35:41] [http-nio-2020-exec-1] [INFO ] [com.kennen.schoolairdrop.im.service.impl.GoodsImpl] : 物品获取成功
[2020/12/29-14:35:51] [http-nio-2020-exec-2] [INFO ] [com.kennen.schoolairdrop.im.service.impl.GoodsImpl] : 在售物品获取成功
[2020/12/29-14:35:54] [http-nio-2020-exec-3] [INFO ] [com.kennen.schoolairdrop.im.service.impl.GoodsImpl] : 物品详情获取成功
[2020/12/29-14:38:23] [http-nio-2020-exec-9] [INFO ] [com.kennen.schoolairdrop.im.service.impl.GoodsImpl] : 物品获取成功
[2020/12/29-14:38:27] [http-nio-2020-exec-10] [INFO ] [com.kennen.schoolairdrop.im.service.impl.GoodsImpl] : 在售物品获取成功
[2020/12/29-14:38:33] [http-nio-2020-exec-1] [INFO ] [com.kennen.schoolairdrop.im.service.impl.GoodsImpl] : 物品详情获取成功
[2020/12/29-14:39:51] [http-nio-2020-exec-4] [INFO ] [com.kennen.schoolairdrop.im.service.impl.GoodsImpl] : 物品获取成功
[2020/12/29-14:39:58] [http-nio-2020-exec-5] [INFO ] [com.kennen.schoolairdrop.im.service.impl.GoodsImpl] : 在售物品获取成功
[2020/12/29-14:40:00] [http-nio-2020-exec-6] [INFO ] [com.kennen.schoolairdrop.im.service.impl.GoodsImpl] : 物品详情获取成功
[2020/12/29-14:40:05] [http-nio-2020-exec-9] [INFO ] [com.kennen.schoolairdrop.im.service.impl.GoodsImpl] : 在售物品获取成功
[2020/12/29-15:17:25] [http-nio-2020-exec-1] [INFO ] [com.kennen.schoolairdrop.im.service.impl.GoodsImpl] : 物品获取成功
[2020/12/29-15:18:50] [http-nio-2020-exec-3] [INFO ] [com.kennen.schoolairdrop.im.service.impl.GoodsImpl] : 物品获取成功
[2020/12/29-15:19:41] [http-nio-2020-exec-4] [INFO ] [com.kennen.schoolairdrop.im.service.impl.GoodsImpl] : 在售物品获取成功
[2020/12/29-15:19:43] [http-nio-2020-exec-5] [INFO ] [com.kennen.schoolairdrop.im.service.impl.GoodsImpl] : 物品详情获取成功
[2020/12/29-15:24:12] [http-nio-2020-exec-7] [INFO ] [com.kennen.schoolairdrop.im.service.impl.GoodsImpl] : 物品获取成功
[2020/12/29-15:24:23] [http-nio-2020-exec-9] [INFO ] [com.kennen.schoolairdrop.im.service.impl.GoodsImpl] : 在售物品获取成功
[2020/12/29-15:24:25] [http-nio-2020-exec-10] [INFO ] [com.kennen.schoolairdrop.im.service.impl.GoodsImpl] : 物品详情获取成功
[2020/12/29-15:24:35] [http-nio-2020-exec-3] [INFO ] [com.kennen.schoolairdrop.im.service.impl.GoodsImpl] : 在售物品获取成功
[2020/12/29-15:26:45] [http-nio-2020-exec-5] [INFO ] [com.kennen.schoolairdrop.im.service.impl.GoodsImpl] : 物品获取成功
[2020/12/29-15:28:19] [http-nio-2020-exec-8] [INFO ] [com.kennen.schoolairdrop.im.service.impl.GoodsImpl] : 物品获取成功
[2020/12/29-15:28:28] [http-nio-2020-exec-7] [INFO ] [com.kennen.schoolairdrop.im.service.impl.GoodsImpl] : 在售物品获取成功
[2020/12/29-15:28:31] [http-nio-2020-exec-9] [INFO ] [com.kennen.schoolairdrop.im.service.impl.GoodsImpl] : 物品详情获取成功
[2020/12/29-15:34:07] [http-nio-2020-exec-2] [INFO ] [com.kennen.schoolairdrop.im.service.impl.GoodsImpl] : 物品获取成功
[2020/12/29-15:34:11] [http-nio-2020-exec-3] [INFO ] [com.kennen.schoolairdrop.im.service.impl.GoodsImpl] : 在售物品获取成功
[2020/12/29-15:34:14] [http-nio-2020-exec-4] [INFO ] [com.kennen.schoolairdrop.im.service.impl.GoodsImpl] : 物品详情获取成功
[2020/12/29-15:34:20] [http-nio-2020-exec-8] [INFO ] [com.kennen.schoolairdrop.im.service.impl.GoodsImpl] : 在售物品获取成功
[2020/12/29-15:54:06] [http-nio-2020-exec-9] [INFO ] [com.kennen.schoolairdrop.im.service.impl.GoodsImpl] : 物品获取成功
[2020/12/29-15:54:10] [http-nio-2020-exec-10] [INFO ] [com.kennen.schoolairdrop.im.service.impl.GoodsImpl] : 在售物品获取成功
[2020/12/29-15:54:12] [http-nio-2020-exec-1] [INFO ] [com.kennen.schoolairdrop.im.service.impl.GoodsImpl] : 物品详情获取成功
[2020/12/29-15:56:50] [http-nio-2020-exec-4] [INFO ] [com.kennen.schoolairdrop.im.service.impl.GoodsImpl] : 物品获取成功
[2020/12/29-15:56:55] [http-nio-2020-exec-5] [INFO ] [com.kennen.schoolairdrop.im.service.impl.GoodsImpl] : 在售物品获取成功
[2020/12/29-15:56:58] [http-nio-2020-exec-6] [INFO ] [com.kennen.schoolairdrop.im.service.impl.GoodsImpl] : 物品详情获取成功
[2020/12/29-17:36:06] [main] [INFO ] [com.kennen.schoolairdrop.im.IMApplication] : Starting IMApplication on K-Laptop with PID 24316 (D:\hkn\MobileIMSDK-5.0.3\sdk_src\Server\SchoolAirDropIM\target\classes started by kennen in D:\hkn\MobileIMSDK-5.0.3\sdk_src\Server\SchoolAirDropIM)
[2020/12/29-17:36:06] [main] [INFO ] [com.kennen.schoolairdrop.im.IMApplication] : No active profile set, falling back to default profiles: default
[2020/12/29-17:36:10] [main] [INFO ] [com.kennen.schoolairdrop.im.IMApplication] : Started IMApplication in 4.339 seconds (JVM running for 5.0)
[2020/12/29-17:36:37] [http-nio-2020-exec-1] [INFO ] [com.kennen.schoolairdrop.im.service.impl.GoodsImpl] : 物品获取成功
[2020/12/29-17:36:55] [http-nio-2020-exec-4] [INFO ] [com.kennen.schoolairdrop.im.service.impl.GoodsImpl] : 物品获取成功
[2020/12/29-17:37:49] [http-nio-2020-exec-6] [INFO ] [com.kennen.schoolairdrop.im.service.impl.GoodsImpl] : 物品获取成功
[2020/12/29-17:38:20] [http-nio-2020-exec-7] [INFO ] [com.kennen.schoolairdrop.im.service.impl.GoodsImpl] : 物品获取成功
[2020/12/29-17:40:26] [http-nio-2020-exec-9] [INFO ] [com.kennen.schoolairdrop.im.service.impl.GoodsImpl] : 物品获取成功
[2020/12/29-17:40:37] [http-nio-2020-exec-1] [INFO ] [com.kennen.schoolairdrop.im.service.impl.GoodsImpl] : 物品获取成功
[2020/12/29-17:40:37] [http-nio-2020-exec-2] [INFO ] [com.kennen.schoolairdrop.im.service.impl.GoodsImpl] : 物品获取成功
[2020/12/29-17:41:20] [http-nio-2020-exec-6] [INFO ] [com.kennen.schoolairdrop.im.service.impl.GoodsImpl] : 物品获取成功
[2020/12/29-17:42:05] [http-nio-2020-exec-7] [INFO ] [com.kennen.schoolairdrop.im.service.impl.GoodsImpl] : 物品获取成功
[2020/12/29-17:49:16] [main] [INFO ] [com.kennen.schoolairdrop.im.IMApplication] : Starting IMApplication on K-Laptop with PID 9888 (D:\hkn\MobileIMSDK-5.0.3\sdk_src\Server\SchoolAirDropIM\target\classes started by kennen in D:\hkn\MobileIMSDK-5.0.3\sdk_src\Server\SchoolAirDropIM)
[2020/12/29-17:49:16] [main] [INFO ] [com.kennen.schoolairdrop.im.IMApplication] : No active profile set, falling back to default profiles: default
[2020/12/29-17:49:19] [main] [INFO ] [com.kennen.schoolairdrop.im.IMApplication] : Started IMApplication in 4.09 seconds (JVM running for 4.791)
[2020/12/29-17:49:26] [http-nio-2020-exec-1] [INFO ] [com.kennen.schoolairdrop.im.service.impl.UserImpl] : 用户名更新成功 -- > ikenne
[2020/12/29-17:55:19] [main] [INFO ] [com.kennen.schoolairdrop.im.IMApplication] : Starting IMApplication on K-Laptop with PID 140 (D:\hkn\MobileIMSDK-5.0.3\sdk_src\Server\SchoolAirDropIM\target\classes started by kennen in D:\hkn\MobileIMSDK-5.0.3\sdk_src\Server\SchoolAirDropIM)
[2020/12/29-17:55:19] [main] [INFO ] [com.kennen.schoolairdrop.im.IMApplication] : No active profile set, falling back to default profiles: default
[2020/12/29-17:55:23] [main] [INFO ] [com.kennen.schoolairdrop.im.IMApplication] : Started IMApplication in 4.209 seconds (JVM running for 4.937)
[2020/12/29-17:55:35] [http-nio-2020-exec-1] [INFO ] [com.kennen.schoolairdrop.im.controller.UserController] : 头像为空
[2020/12/29-17:59:32] [http-nio-2020-exec-4] [INFO ] [com.kennen.schoolairdrop.im.service.impl.GoodsImpl] : 物品获取成功
[2020/12/29-18:02:10] [http-nio-2020-exec-9] [INFO ] [com.kennen.schoolairdrop.im.service.impl.GoodsImpl] : 物品获取成功
[2020/12/29-18:02:48] [http-nio-2020-exec-10] [INFO ] [com.kennen.schoolairdrop.im.service.impl.GoodsImpl] : 物品获取成功
[2020/12/29-18:03:50] [http-nio-2020-exec-4] [INFO ] [com.kennen.schoolairdrop.im.service.impl.UserImpl] : 头像更新成功
[2020/12/29-18:09:37] [http-nio-2020-exec-9] [INFO ] [com.kennen.schoolairdrop.im.service.impl.GoodsImpl] : 物品获取成功
[2020/12/29-18:09:43] [http-nio-2020-exec-10] [INFO ] [com.kennen.schoolairdrop.im.service.impl.GoodsImpl] : 物品详情获取成功
[2020/12/29-18:09:50] [http-nio-2020-exec-1] [INFO ] [com.kennen.schoolairdrop.im.service.impl.GoodsImpl] : 物品详情获取成功
[2020/12/29-18:09:53] [http-nio-2020-exec-2] [INFO ] [com.kennen.schoolairdrop.im.service.impl.GoodsImpl] : 物品详情获取成功
[2020/12/29-18:10:02] [http-nio-2020-exec-4] [INFO ] [com.kennen.schoolairdrop.im.service.impl.GoodsImpl] : 物品详情获取成功
[2020/12/29-18:11:13] [http-nio-2020-exec-8] [INFO ] [com.kennen.schoolairdrop.im.service.impl.GoodsImpl] : 物品获取成功
[2020/12/29-18:11:14] [http-nio-2020-exec-9] [INFO ] [com.kennen.schoolairdrop.im.service.impl.GoodsImpl] : 物品详情获取成功
[2020/12/29-18:11:56] [main] [INFO ] [com.kennen.schoolairdrop.im.IMApplication] : Starting IMApplication on K-Laptop with PID 2868 (D:\hkn\MobileIMSDK-5.0.3\sdk_src\Server\SchoolAirDropIM\target\classes started by kennen in D:\hkn\MobileIMSDK-5.0.3\sdk_src\Server\SchoolAirDropIM)
[2020/12/29-18:11:56] [main] [INFO ] [com.kennen.schoolairdrop.im.IMApplication] : No active profile set, falling back to default profiles: default
[2020/12/29-18:12:00] [main] [INFO ] [com.kennen.schoolairdrop.im.IMApplication] : Started IMApplication in 4.424 seconds (JVM running for 5.104)
[2020/12/29-18:12:05] [http-nio-2020-exec-1] [INFO ] [com.kennen.schoolairdrop.im.service.impl.GoodsImpl] : 物品获取成功
[2020/12/29-18:12:07] [http-nio-2020-exec-2] [INFO ] [com.kennen.schoolairdrop.im.service.impl.GoodsImpl] : 物品详情获取成功
[2020/12/29-18:36:20] [http-nio-2020-exec-2] [INFO ] [com.kennen.schoolairdrop.im.service.impl.GoodsImpl] : 物品详情获取成功
[2020/12/29-18:36:23] [http-nio-2020-exec-7] [INFO ] [com.kennen.schoolairdrop.im.service.impl.GoodsImpl] : 物品详情获取成功
[2020/12/29-18:36:26] [http-nio-2020-exec-9] [INFO ] [com.kennen.schoolairdrop.im.service.impl.GoodsImpl] : 物品详情获取成功
[2020/12/29-18:36:29] [http-nio-2020-exec-3] [INFO ] [com.kennen.schoolairdrop.im.service.impl.GoodsImpl] : 物品详情获取成功
[2020/12/29-18:49:48] [main] [INFO ] [com.kennen.schoolairdrop.im.IMApplication] : Starting IMApplication on K-Laptop with PID 3716 (D:\hkn\MobileIMSDK-5.0.3\sdk_src\Server\SchoolAirDropIM\target\classes started by kennen in D:\hkn\MobileIMSDK-5.0.3\sdk_src\Server\SchoolAirDropIM)
[2020/12/29-18:49:48] [main] [INFO ] [com.kennen.schoolairdrop.im.IMApplication] : No active profile set, falling back to default profiles: default
[2020/12/29-18:49:52] [main] [INFO ] [com.kennen.schoolairdrop.im.IMApplication] : Started IMApplication in 3.794 seconds (JVM running for 4.424)
[2020/12/29-18:50:14] [http-nio-2020-exec-3] [INFO ] [com.kennen.schoolairdrop.im.service.impl.GoodsImpl] : 物品详情获取成功
