[2021/01/20-21:37:03] [main] [INFO ] [com.kennen.schoolairdrop.im.IMApplication] : Starting IMApplication on K-Laptop with PID 7072 (D:\hkn\MobileIMSDK-5.0.3\sdk_src\Server\SchoolAirDropIM\target\classes started by kennen in D:\hkn\MobileIMSDK-5.0.3\sdk_src\Server\SchoolAirDropIM)
[2021/01/20-21:37:03] [main] [INFO ] [com.kennen.schoolairdrop.im.IMApplication] : No active profile set, falling back to default profiles: default
[2021/01/20-21:37:07] [main] [INFO ] [com.kennen.schoolairdrop.im.IMApplication] : Started IMApplication in 4.575 seconds (JVM running for 5.281)
[2021/01/20-21:39:37] [http-nio-2020-exec-1] [INFO ] [com.kennen.schoolairdrop.im.service.impl.GoodsImpl] : 物品详情获取成功
[2021/01/20-21:46:58] [main] [INFO ] [com.kennen.schoolairdrop.im.IMApplication] : Starting IMApplication on K-Laptop with PID 16704 (D:\hkn\MobileIMSDK-5.0.3\sdk_src\Server\SchoolAirDropIM\target\classes started by kennen in D:\hkn\MobileIMSDK-5.0.3\sdk_src\Server\SchoolAirDropIM)
[2021/01/20-21:46:58] [main] [INFO ] [com.kennen.schoolairdrop.im.IMApplication] : No active profile set, falling back to default profiles: default
[2021/01/20-21:47:02] [main] [INFO ] [com.kennen.schoolairdrop.im.IMApplication] : Started IMApplication in 4.017 seconds (JVM running for 4.627)
[2021/01/20-21:47:36] [nioEventLoopGroup-7-1] [INFO ] [com.kennen.schoolairdrop.im.service.impl.OfflineImpl] : 离线消息已存储至redis 123123
[2021/01/20-21:48:25] [nioEventLoopGroup-7-1] [INFO ] [com.kennen.schoolairdrop.im.service.impl.OfflineImpl] : 离线消息已存储至redis 这个多少钱丫丫呀2
[2021/01/20-21:48:36] [nioEventLoopGroup-7-1] [INFO ] [com.kennen.schoolairdrop.im.service.impl.OfflineImpl] : 离线消息已存储至redis 就是想问问，不一定买奥
[2021/01/20-21:50:11] [nioEventLoopGroup-7-1] [INFO ] [com.kennen.schoolairdrop.im.service.impl.OfflineImpl] : 离线消息已存储至redis 可以的花2希望能稍微低一点…看着感觉有点旧了呢，稍微在2第一点巴巴巴巴巴巴巴巴粑粑啊吧
[2021/01/20-21:52:40] [nioEventLoopGroup-7-1] [INFO ] [com.kennen.schoolairdrop.im.service.impl.OfflineImpl] : 离线消息已存储至redis 啊哈哈哈哈哈哈是打开计算机点卡就是看到啊数据库的就啊开始觉得阿斯顿阿斯
[2021/01/20-21:53:25] [nioEventLoopGroup-7-1] [INFO ] [com.kennen.schoolairdrop.im.service.impl.OfflineImpl] : 离线消息已存储至redis 啊哈哈哈哈哈哈是打开计算机点卡就是看到啊数据库的就啊开始觉得阿斯顿阿斯
[2021/01/20-21:55:50] [main] [INFO ] [com.kennen.schoolairdrop.im.IMApplication] : Starting IMApplication on K-Laptop with PID 18056 (D:\hkn\MobileIMSDK-5.0.3\sdk_src\Server\SchoolAirDropIM\target\classes started by kennen in D:\hkn\MobileIMSDK-5.0.3\sdk_src\Server\SchoolAirDropIM)
[2021/01/20-21:55:50] [main] [INFO ] [com.kennen.schoolairdrop.im.IMApplication] : No active profile set, falling back to default profiles: default
[2021/01/20-21:55:53] [main] [INFO ] [com.kennen.schoolairdrop.im.IMApplication] : Started IMApplication in 3.992 seconds (JVM running for 4.617)
[2021/01/20-22:43:48] [main] [INFO ] [com.kennen.schoolairdrop.im.IMApplication] : Starting IMApplication on K-Laptop with PID 9048 (D:\hkn\MobileIMSDK-5.0.3\sdk_src\Server\SchoolAirDropIM\target\classes started by kennen in D:\hkn\MobileIMSDK-5.0.3\sdk_src\Server\SchoolAirDropIM)
[2021/01/20-22:43:48] [main] [INFO ] [com.kennen.schoolairdrop.im.IMApplication] : No active profile set, falling back to default profiles: default
[2021/01/20-22:44:00] [main] [INFO ] [com.kennen.schoolairdrop.im.IMApplication] : Started IMApplication in 12.562 seconds (JVM running for 13.237)
[2021/01/20-22:56:53] [nioEventLoopGroup-7-1] [INFO ] [com.kennen.schoolairdrop.im.service.impl.OfflineImpl] : 离线消息已存储 尽量发送一些有意义的文字来测试这个刚刚开发完成没多久的聊天系统吧
[2021/01/20-22:56:58] [nioEventLoopGroup-7-2] [INFO ] [com.kennen.schoolairdrop.im.service.impl.OfflineImpl] : 离线消息已存储 尽量发送一些有意义的文字来测试这个刚刚开发完成没多久的聊天系统吧
[2021/01/20-22:56:58] [nioEventLoopGroup-7-3] [INFO ] [com.kennen.schoolairdrop.im.service.impl.OfflineImpl] : 离线消息已存储 尽量发送一些有意义的文字来测试这个刚刚开发完成没多久的聊天系统吧
