[2021/02/05-11:30:00] [main] [INFO ] [com.kennen.schoolairdrop.im.IMApplication] : Starting IMApplication on K-Laptop with PID 15600 (D:\hkn\MobileIMSDK-5.0.3\sdk_src\Server\SchoolAirDropIM\target\classes started by kennen in D:\hkn\MobileIMSDK-5.0.3\sdk_src\Server\SchoolAirDropIM)
[2021/02/05-11:30:00] [main] [INFO ] [com.kennen.schoolairdrop.im.IMApplication] : No active profile set, falling back to default profiles: default
[2021/02/05-11:30:04] [main] [INFO ] [com.kennen.schoolairdrop.im.IMApplication] : Started IMApplication in 4.425 seconds (JVM running for 5.112)
[2021/02/05-12:05:42] [main] [INFO ] [com.kennen.schoolairdrop.im.IMApplication] : Starting IMApplication on K-Laptop with PID 10572 (D:\hkn\MobileIMSDK-5.0.3\sdk_src\Server\SchoolAirDropIM\target\classes started by kennen in D:\hkn\MobileIMSDK-5.0.3\sdk_src\Server\SchoolAirDropIM)
[2021/02/05-12:05:42] [main] [INFO ] [com.kennen.schoolairdrop.im.IMApplication] : No active profile set, falling back to default profiles: default
[2021/02/05-12:05:46] [main] [INFO ] [com.kennen.schoolairdrop.im.IMApplication] : Started IMApplication in 3.909 seconds (JVM running for 4.566)
[2021/02/05-12:06:19] [main] [INFO ] [com.kennen.schoolairdrop.im.IMApplication] : Starting IMApplication on K-Laptop with PID 13936 (D:\hkn\MobileIMSDK-5.0.3\sdk_src\Server\SchoolAirDropIM\target\classes started by kennen in D:\hkn\MobileIMSDK-5.0.3\sdk_src\Server\SchoolAirDropIM)
[2021/02/05-12:06:19] [main] [INFO ] [com.kennen.schoolairdrop.im.IMApplication] : No active profile set, falling back to default profiles: default
[2021/02/05-12:06:22] [main] [INFO ] [com.kennen.schoolairdrop.im.IMApplication] : Started IMApplication in 3.827 seconds (JVM running for 4.434)
[2021/02/05-12:17:01] [main] [INFO ] [com.kennen.schoolairdrop.im.IMApplication] : Starting IMApplication on K-Laptop with PID 18732 (D:\hkn\MobileIMSDK-5.0.3\sdk_src\Server\SchoolAirDropIM\target\classes started by kennen in D:\hkn\MobileIMSDK-5.0.3\sdk_src\Server\SchoolAirDropIM)
[2021/02/05-12:17:01] [main] [INFO ] [com.kennen.schoolairdrop.im.IMApplication] : No active profile set, falling back to default profiles: default
[2021/02/05-12:17:04] [main] [INFO ] [com.kennen.schoolairdrop.im.IMApplication] : Started IMApplication in 3.885 seconds (JVM running for 4.488)
[2021/02/05-12:21:46] [main] [INFO ] [com.kennen.schoolairdrop.im.IMApplication] : Starting IMApplication on K-Laptop with PID 16636 (D:\hkn\MobileIMSDK-5.0.3\sdk_src\Server\SchoolAirDropIM\target\classes started by kennen in D:\hkn\MobileIMSDK-5.0.3\sdk_src\Server\SchoolAirDropIM)
[2021/02/05-12:21:46] [main] [INFO ] [com.kennen.schoolairdrop.im.IMApplication] : No active profile set, falling back to default profiles: default
[2021/02/05-12:21:49] [main] [INFO ] [com.kennen.schoolairdrop.im.IMApplication] : Started IMApplication in 3.909 seconds (JVM running for 4.513)
[2021/02/05-12:26:07] [main] [INFO ] [com.kennen.schoolairdrop.im.IMApplication] : Starting IMApplication on K-Laptop with PID 4176 (D:\hkn\MobileIMSDK-5.0.3\sdk_src\Server\SchoolAirDropIM\target\classes started by kennen in D:\hkn\MobileIMSDK-5.0.3\sdk_src\Server\SchoolAirDropIM)
[2021/02/05-12:26:07] [main] [INFO ] [com.kennen.schoolairdrop.im.IMApplication] : No active profile set, falling back to default profiles: default
[2021/02/05-12:26:11] [main] [INFO ] [com.kennen.schoolairdrop.im.IMApplication] : Started IMApplication in 3.924 seconds (JVM running for 4.536)
[2021/02/05-12:27:23] [main] [INFO ] [com.kennen.schoolairdrop.im.IMApplication] : Starting IMApplication on K-Laptop with PID 15788 (D:\hkn\MobileIMSDK-5.0.3\sdk_src\Server\SchoolAirDropIM\target\classes started by kennen in D:\hkn\MobileIMSDK-5.0.3\sdk_src\Server\SchoolAirDropIM)
[2021/02/05-12:27:23] [main] [INFO ] [com.kennen.schoolairdrop.im.IMApplication] : No active profile set, falling back to default profiles: default
[2021/02/05-12:27:26] [main] [INFO ] [com.kennen.schoolairdrop.im.IMApplication] : Started IMApplication in 3.846 seconds (JVM running for 4.473)
[2021/02/05-12:27:46] [http-nio-2020-exec-2] [INFO ] [com.kennen.schoolairdrop.im.service.impl.OfflineImpl] : senderid -- > 14 senderinfo -- > assets/user/avatars/14_20201209000844.jpg
[2021/02/05-12:27:46] [http-nio-2020-exec-2] [INFO ] [com.kennen.schoolairdrop.im.service.impl.OfflineImpl] : senderid -- > 14 senderinfo -- > assets/user/avatars/14_20201209000844.jpg
[2021/02/05-12:27:46] [http-nio-2020-exec-2] [INFO ] [com.kennen.schoolairdrop.im.service.impl.OfflineImpl] : senderid -- > 14 senderinfo -- > assets/user/avatars/14_20201209000844.jpg
[2021/02/05-12:27:47] [http-nio-2020-exec-2] [INFO ] [com.kennen.schoolairdrop.im.service.impl.OfflineImpl] : senderid -- > 14 senderinfo -- > assets/user/avatars/14_20201209000844.jpg
[2021/02/05-12:27:47] [http-nio-2020-exec-2] [INFO ] [com.kennen.schoolairdrop.im.service.impl.OfflineImpl] : senderid -- > 14 senderinfo -- > assets/user/avatars/14_20201209000844.jpg
[2021/02/05-12:27:47] [http-nio-2020-exec-2] [INFO ] [com.kennen.schoolairdrop.im.service.impl.OfflineImpl] : senderid -- > 14 senderinfo -- > assets/user/avatars/14_20201209000844.jpg
[2021/02/05-12:27:47] [http-nio-2020-exec-2] [INFO ] [com.kennen.schoolairdrop.im.service.impl.OfflineImpl] : senderid -- > 14 senderinfo -- > assets/user/avatars/14_20201209000844.jpg
[2021/02/05-12:27:47] [http-nio-2020-exec-2] [INFO ] [com.kennen.schoolairdrop.im.service.impl.OfflineImpl] : senderid -- > 14 senderinfo -- > assets/user/avatars/14_20201209000844.jpg
[2021/02/05-12:27:47] [http-nio-2020-exec-2] [INFO ] [com.kennen.schoolairdrop.im.service.impl.OfflineImpl] : senderid -- > 15 senderinfo -- > assets/user/avatars/796394343681228800.jpg
[2021/02/05-12:27:47] [http-nio-2020-exec-2] [INFO ] [com.kennen.schoolairdrop.im.service.impl.OfflineImpl] : senderid -- > 15 senderinfo -- > assets/user/avatars/796394343681228800.jpg
[2021/02/05-12:27:47] [http-nio-2020-exec-2] [INFO ] [com.kennen.schoolairdrop.im.service.impl.OfflineImpl] : senderid -- > 15 senderinfo -- > assets/user/avatars/796394343681228800.jpg
[2021/02/05-12:27:47] [http-nio-2020-exec-2] [INFO ] [com.kennen.schoolairdrop.im.service.impl.OfflineImpl] : senderid -- > 15 senderinfo -- > assets/user/avatars/796394343681228800.jpg
[2021/02/05-12:27:47] [http-nio-2020-exec-2] [INFO ] [com.kennen.schoolairdrop.im.service.impl.OfflineImpl] : senderid -- > 17 senderinfo -- > assets/user/avatars/17_20201109155445.jpg
[2021/02/05-12:27:47] [http-nio-2020-exec-2] [INFO ] [com.kennen.schoolairdrop.im.service.impl.OfflineImpl] : senderid -- > 17 senderinfo -- > assets/user/avatars/17_20201109155445.jpg
[2021/02/05-12:27:47] [http-nio-2020-exec-2] [INFO ] [com.kennen.schoolairdrop.im.service.impl.OfflineImpl] : senderid -- > 18 senderinfo -- > assets/user/avatars/18_20201112003104.jpg
[2021/02/05-12:31:47] [main] [INFO ] [com.kennen.schoolairdrop.im.IMApplication] : Starting IMApplication on K-Laptop with PID 4616 (D:\hkn\MobileIMSDK-5.0.3\sdk_src\Server\SchoolAirDropIM\target\classes started by kennen in D:\hkn\MobileIMSDK-5.0.3\sdk_src\Server\SchoolAirDropIM)
[2021/02/05-12:31:47] [main] [INFO ] [com.kennen.schoolairdrop.im.IMApplication] : No active profile set, falling back to default profiles: default
[2021/02/05-12:31:51] [main] [INFO ] [com.kennen.schoolairdrop.im.IMApplication] : Started IMApplication in 3.743 seconds (JVM running for 4.36)
[2021/02/05-13:43:57] [nioEventLoopGroup-7-6] [INFO ] [com.kennen.schoolairdrop.im.service.impl.OfflineImpl] : 发送方验证信息非法，消息未被存储
[2021/02/05-13:44:04] [nioEventLoopGroup-7-6] [INFO ] [com.kennen.schoolairdrop.im.service.impl.OfflineImpl] : 发送方验证信息非法，消息未被存储
[2021/02/05-13:44:09] [nioEventLoopGroup-7-6] [INFO ] [com.kennen.schoolairdrop.im.service.impl.OfflineImpl] : 发送方验证信息非法，消息未被存储
[2021/02/05-13:55:55] [main] [INFO ] [com.kennen.schoolairdrop.im.IMApplication] : Starting IMApplication on K-Laptop with PID 19944 (D:\hkn\MobileIMSDK-5.0.3\sdk_src\Server\SchoolAirDropIM\target\classes started by kennen in D:\hkn\MobileIMSDK-5.0.3\sdk_src\Server\SchoolAirDropIM)
[2021/02/05-13:55:55] [main] [INFO ] [com.kennen.schoolairdrop.im.IMApplication] : No active profile set, falling back to default profiles: default
[2021/02/05-13:55:59] [main] [INFO ] [com.kennen.schoolairdrop.im.IMApplication] : Started IMApplication in 4.506 seconds (JVM running for 5.184)
[2021/02/05-13:58:08] [main] [INFO ] [com.kennen.schoolairdrop.im.IMApplication] : Starting IMApplication on K-Laptop with PID 4176 (D:\hkn\MobileIMSDK-5.0.3\sdk_src\Server\SchoolAirDropIM\target\classes started by kennen in D:\hkn\MobileIMSDK-5.0.3\sdk_src\Server\SchoolAirDropIM)
[2021/02/05-13:58:08] [main] [INFO ] [com.kennen.schoolairdrop.im.IMApplication] : No active profile set, falling back to default profiles: default
[2021/02/05-13:58:12] [main] [INFO ] [com.kennen.schoolairdrop.im.IMApplication] : Started IMApplication in 4.147 seconds (JVM running for 4.763)
[2021/02/05-13:58:13] [nioEventLoopGroup-7-1] [INFO ] [com.kennen.schoolairdrop.im.impl.ServerEventListenerImpl] : token -- > 16 userid -- > Bearer wiredo
[2021/02/05-13:58:15] [nioEventLoopGroup-7-2] [INFO ] [com.kennen.schoolairdrop.im.impl.ServerEventListenerImpl] : token -- > 16 userid -- > Bearer wiredo
[2021/02/05-13:58:18] [nioEventLoopGroup-7-3] [INFO ] [com.kennen.schoolairdrop.im.impl.ServerEventListenerImpl] : token -- > 16 userid -- > Bearer wiredo
[2021/02/05-13:58:21] [nioEventLoopGroup-7-4] [INFO ] [com.kennen.schoolairdrop.im.impl.ServerEventListenerImpl] : token -- > 16 userid -- > Bearer wiredo
[2021/02/05-13:59:04] [main] [INFO ] [com.kennen.schoolairdrop.im.IMApplication] : Starting IMApplication on K-Laptop with PID 15356 (D:\hkn\MobileIMSDK-5.0.3\sdk_src\Server\SchoolAirDropIM\target\classes started by kennen in D:\hkn\MobileIMSDK-5.0.3\sdk_src\Server\SchoolAirDropIM)
[2021/02/05-13:59:04] [main] [INFO ] [com.kennen.schoolairdrop.im.IMApplication] : No active profile set, falling back to default profiles: default
[2021/02/05-13:59:08] [main] [INFO ] [com.kennen.schoolairdrop.im.IMApplication] : Started IMApplication in 4.035 seconds (JVM running for 4.652)
[2021/02/05-14:02:35] [main] [INFO ] [com.kennen.schoolairdrop.im.IMApplication] : Starting IMApplication on K-Laptop with PID 20188 (D:\hkn\MobileIMSDK-5.0.3\sdk_src\Server\SchoolAirDropIM\target\classes started by kennen in D:\hkn\MobileIMSDK-5.0.3\sdk_src\Server\SchoolAirDropIM)
[2021/02/05-14:02:35] [main] [INFO ] [com.kennen.schoolairdrop.im.IMApplication] : No active profile set, falling back to default profiles: default
[2021/02/05-14:02:39] [main] [INFO ] [com.kennen.schoolairdrop.im.IMApplication] : Started IMApplication in 4.046 seconds (JVM running for 4.716)
[2021/02/05-14:05:13] [main] [INFO ] [com.kennen.schoolairdrop.im.IMApplication] : Starting IMApplication on K-Laptop with PID 18628 (D:\hkn\MobileIMSDK-5.0.3\sdk_src\Server\SchoolAirDropIM\target\classes started by kennen in D:\hkn\MobileIMSDK-5.0.3\sdk_src\Server\SchoolAirDropIM)
[2021/02/05-14:05:13] [main] [INFO ] [com.kennen.schoolairdrop.im.IMApplication] : No active profile set, falling back to default profiles: default
[2021/02/05-14:05:16] [main] [INFO ] [com.kennen.schoolairdrop.im.IMApplication] : Started IMApplication in 4.04 seconds (JVM running for 4.692)
[2021/02/05-14:05:37] [nioEventLoopGroup-7-1] [INFO ] [com.kennen.schoolairdrop.im.component.UserVerifyHandler] : ???!!!!
[2021/02/05-14:09:04] [main] [INFO ] [com.kennen.schoolairdrop.im.IMApplication] : Starting IMApplication on K-Laptop with PID 17112 (D:\hkn\MobileIMSDK-5.0.3\sdk_src\Server\SchoolAirDropIM\target\classes started by kennen in D:\hkn\MobileIMSDK-5.0.3\sdk_src\Server\SchoolAirDropIM)
[2021/02/05-14:09:04] [main] [INFO ] [com.kennen.schoolairdrop.im.IMApplication] : No active profile set, falling back to default profiles: default
[2021/02/05-14:09:08] [main] [INFO ] [com.kennen.schoolairdrop.im.IMApplication] : Started IMApplication in 4.107 seconds (JVM running for 4.773)
[2021/02/05-14:09:23] [nioEventLoopGroup-7-1] [INFO ] [com.kennen.schoolairdrop.im.service.impl.UserVerifyImpl] : ?!?!?!?!?!?!?!?!
[2021/02/05-14:10:52] [main] [INFO ] [com.kennen.schoolairdrop.im.IMApplication] : Starting IMApplication on K-Laptop with PID 22372 (D:\hkn\MobileIMSDK-5.0.3\sdk_src\Server\SchoolAirDropIM\target\classes started by kennen in D:\hkn\MobileIMSDK-5.0.3\sdk_src\Server\SchoolAirDropIM)
[2021/02/05-14:10:52] [main] [INFO ] [com.kennen.schoolairdrop.im.IMApplication] : No active profile set, falling back to default profiles: default
[2021/02/05-14:10:56] [main] [INFO ] [com.kennen.schoolairdrop.im.IMApplication] : Started IMApplication in 4.04 seconds (JVM running for 4.684)
[2021/02/05-14:12:33] [main] [INFO ] [com.kennen.schoolairdrop.im.IMApplication] : Starting IMApplication on K-Laptop with PID 12308 (D:\hkn\MobileIMSDK-5.0.3\sdk_src\Server\SchoolAirDropIM\target\classes started by kennen in D:\hkn\MobileIMSDK-5.0.3\sdk_src\Server\SchoolAirDropIM)
[2021/02/05-14:12:33] [main] [INFO ] [com.kennen.schoolairdrop.im.IMApplication] : No active profile set, falling back to default profiles: default
[2021/02/05-14:12:37] [main] [INFO ] [com.kennen.schoolairdrop.im.IMApplication] : Started IMApplication in 4.307 seconds (JVM running for 5.043)
[2021/02/05-14:12:42] [nioEventLoopGroup-7-1] [INFO ] [com.kennen.schoolairdrop.im.service.impl.UserVerifyImpl] : userid -- > 16 token -- > Bearer wiredo
[2021/02/05-14:12:42] [nioEventLoopGroup-7-1] [INFO ] [com.kennen.schoolairdrop.im.service.impl.UserVerifyImpl] : ?!?!?!?!?>!?!>!>!?!?!
[2021/02/05-14:13:34] [main] [INFO ] [com.kennen.schoolairdrop.im.IMApplication] : Starting IMApplication on K-Laptop with PID 10592 (D:\hkn\MobileIMSDK-5.0.3\sdk_src\Server\SchoolAirDropIM\target\classes started by kennen in D:\hkn\MobileIMSDK-5.0.3\sdk_src\Server\SchoolAirDropIM)
[2021/02/05-14:13:34] [main] [INFO ] [com.kennen.schoolairdrop.im.IMApplication] : No active profile set, falling back to default profiles: default
[2021/02/05-14:13:38] [main] [INFO ] [com.kennen.schoolairdrop.im.IMApplication] : Started IMApplication in 4.187 seconds (JVM running for 4.84)
[2021/02/05-14:13:46] [nioEventLoopGroup-7-1] [INFO ] [com.kennen.schoolairdrop.im.service.impl.UserVerifyImpl] : userid -- > 16 token -- > Bearer 
[2021/02/05-14:14:10] [main] [INFO ] [com.kennen.schoolairdrop.im.IMApplication] : Starting IMApplication on K-Laptop with PID 8788 (D:\hkn\MobileIMSDK-5.0.3\sdk_src\Server\SchoolAirDropIM\target\classes started by kennen in D:\hkn\MobileIMSDK-5.0.3\sdk_src\Server\SchoolAirDropIM)
[2021/02/05-14:14:10] [main] [INFO ] [com.kennen.schoolairdrop.im.IMApplication] : No active profile set, falling back to default profiles: default
[2021/02/05-14:14:14] [main] [INFO ] [com.kennen.schoolairdrop.im.IMApplication] : Started IMApplication in 4.234 seconds (JVM running for 4.898)
[2021/02/05-14:15:11] [nioEventLoopGroup-7-1] [INFO ] [com.kennen.schoolairdrop.im.service.impl.OfflineImpl] : 离线消息已存储 001001我是007我是007
[2021/02/05-16:01:59] [main] [INFO ] [com.kennen.schoolairdrop.im.IMApplication] : Starting IMApplication on K-Laptop with PID 16836 (D:\hkn\MobileIMSDK-5.0.3\sdk_src\Server\SchoolAirDropIM\target\classes started by kennen in D:\hkn\MobileIMSDK-5.0.3\sdk_src\Server\SchoolAirDropIM)
[2021/02/05-16:01:59] [main] [INFO ] [com.kennen.schoolairdrop.im.IMApplication] : No active profile set, falling back to default profiles: default
[2021/02/05-16:02:03] [main] [INFO ] [com.kennen.schoolairdrop.im.IMApplication] : Started IMApplication in 3.92 seconds (JVM running for 4.549)
[2021/02/05-19:35:34] [main] [INFO ] [com.kennen.schoolairdrop.im.IMApplication] : Starting IMApplication on K-Laptop with PID 18368 (D:\hkn\MobileIMSDK-5.0.3\sdk_src\Server\SchoolAirDropIM\target\classes started by kennen in D:\hkn\MobileIMSDK-5.0.3\sdk_src\Server\SchoolAirDropIM)
[2021/02/05-19:35:34] [main] [INFO ] [com.kennen.schoolairdrop.im.IMApplication] : No active profile set, falling back to default profiles: default
[2021/02/05-19:35:37] [main] [INFO ] [com.kennen.schoolairdrop.im.IMApplication] : Started IMApplication in 3.831 seconds (JVM running for 4.413)
[2021/02/05-19:39:13] [main] [INFO ] [com.kennen.schoolairdrop.im.IMApplication] : Starting IMApplication on K-Laptop with PID 15400 (D:\hkn\MobileIMSDK-5.0.3\sdk_src\Server\SchoolAirDropIM\target\classes started by kennen in D:\hkn\MobileIMSDK-5.0.3\sdk_src\Server\SchoolAirDropIM)
[2021/02/05-19:39:13] [main] [INFO ] [com.kennen.schoolairdrop.im.IMApplication] : No active profile set, falling back to default profiles: default
[2021/02/05-19:39:17] [main] [INFO ] [com.kennen.schoolairdrop.im.IMApplication] : Started IMApplication in 3.681 seconds (JVM running for 4.295)
